TN:
SF:src/app.controller.ts
FN:5,(anonymous_2)
FN:8,(anonymous_3)
FNF:2
FNH:2
FNDA:1,(anonymous_2)
FNDA:1,(anonymous_3)
DA:1,1
DA:4,1
DA:8,1
DA:9,1
LF:4
LH:4
BRF:0
BRH:0
end_of_record
TN:
SF:src/base-service/base-controller.controller.ts
FN:12,(anonymous_4)
FN:16,(anonymous_5)
FN:22,(anonymous_6)
FN:28,(anonymous_7)
FN:44,(anonymous_8)
FN:50,(anonymous_9)
FN:57,(anonymous_10)
FN:62,(anonymous_11)
FNF:8
FNH:8
FNDA:71,(anonymous_4)
FNDA:1,(anonymous_5)
FNDA:2,(anonymous_6)
FNDA:1,(anonymous_7)
FNDA:1,(anonymous_8)
FNDA:1,(anonymous_9)
FNDA:1,(anonymous_10)
FNDA:1,(anonymous_11)
DA:2,12
DA:9,12
DA:11,12
DA:12,71
DA:16,12
DA:17,1
DA:22,12
DA:23,2
DA:28,12
DA:33,1
DA:34,1
DA:35,1
DA:44,12
DA:45,1
DA:50,12
DA:51,1
DA:57,12
DA:58,1
DA:62,12
DA:63,1
LF:20
LH:20
BRDA:30,0,0,0
BRDA:31,1,0,0
BRDA:33,2,0,1
BRDA:33,2,1,0
BRF:4
BRH:1
end_of_record
TN:
SF:src/base-service/base-service.service.ts
FN:17,(anonymous_0)
FN:19,(anonymous_1)
FN:23,(anonymous_2)
FN:28,(anonymous_3)
FN:32,(anonymous_4)
FN:40,(anonymous_5)
FN:45,(anonymous_6)
FN:54,(anonymous_7)
FNF:8
FNH:8
FNDA:146,(anonymous_0)
FNDA:1,(anonymous_1)
FNDA:1,(anonymous_2)
FNDA:1,(anonymous_3)
FNDA:2,(anonymous_4)
FNDA:1,(anonymous_5)
FNDA:2,(anonymous_6)
FNDA:1,(anonymous_7)
DA:11,24
DA:13,24
DA:14,146
DA:15,146
DA:17,146
DA:20,1
DA:21,1
DA:24,1
DA:25,1
DA:29,1
DA:33,2
DA:34,2
DA:35,1
DA:37,1
DA:38,1
DA:41,1
DA:47,2
DA:48,2
DA:49,1
DA:51,1
DA:52,1
DA:55,1
DA:56,1
DA:58,1
LF:24
LH:24
BRDA:19,0,0,0
BRDA:23,1,0,0
BRDA:34,2,0,1
BRDA:48,3,0,1
BRF:4
BRH:2
end_of_record
TN:
SF:src/jwt/jwt.exception.filter.ts
FN:13,(anonymous_1)
FNF:1
FNH:1
FNDA:4,(anonymous_1)
DA:4,1
DA:6,1
DA:12,1
DA:14,4
DA:15,4
DA:17,4
DA:18,1
DA:21,3
DA:22,1
DA:25,2
DA:26,1
DA:31,1
LF:12
LH:12
BRDA:17,0,0,1
BRDA:21,1,0,1
BRDA:25,2,0,1
BRDA:26,3,0,1
BRDA:26,3,1,0
BRF:5
BRH:4
end_of_record
TN:
SF:src/jwt/jwt.service.ts
FN:6,(anonymous_1)
FN:18,(anonymous_2)
FN:24,(anonymous_3)
FN:40,(anonymous_4)
FNF:4
FNH:4
FNDA:6,(anonymous_1)
FNDA:6,(anonymous_2)
FNDA:3,(anonymous_3)
FNDA:7,(anonymous_4)
DA:1,15
DA:2,15
DA:3,15
DA:6,15
DA:8,6
DA:19,6
DA:22,6
DA:25,3
DA:26,3
DA:27,2
DA:28,2
DA:35,1
DA:41,7
DA:42,7
DA:43,5
DA:44,1
DA:46,4
DA:48,3
LF:18
LH:18
BRDA:18,0,0,3
BRDA:30,1,0,1
BRDA:30,1,1,1
BRDA:40,2,0,4
BRDA:43,3,0,1
BRF:5
BRH:5
end_of_record
TN:
SF:src/middlewares/auth.middleware.ts
FN:15,(anonymous_2)
FN:21,(anonymous_3)
FNF:2
FNH:2
FNDA:6,(anonymous_2)
FNDA:6,(anonymous_3)
DA:1,13
DA:7,13
DA:8,13
DA:10,13
DA:11,13
DA:14,13
DA:16,6
DA:17,6
DA:18,6
DA:22,6
DA:26,6
DA:27,1
DA:29,5
DA:30,5
DA:31,5
DA:32,1
DA:34,4
DA:35,4
DA:36,4
DA:37,4
DA:38,1
DA:41,3
DA:42,1
DA:45,2
DA:46,1
DA:48,1
DA:49,1
LF:27
LH:27
BRDA:26,0,0,1
BRDA:31,1,0,1
BRDA:31,2,0,5
BRDA:31,2,1,4
BRDA:37,3,0,1
BRDA:41,4,0,1
BRDA:45,5,0,1
BRDA:45,6,0,2
BRDA:45,6,1,2
BRF:9
BRH:9
end_of_record
TN:
SF:src/middlewares/permission.middleware.ts
FN:15,(anonymous_2)
FN:17,(anonymous_3)
FN:41,(anonymous_4)
FNF:3
FNH:3
FNDA:6,(anonymous_2)
FNDA:6,(anonymous_3)
FNDA:2,(anonymous_4)
DA:1,11
DA:8,11
DA:9,11
DA:10,11
DA:14,11
DA:15,6
DA:18,6
DA:19,6
DA:21,6
DA:22,1
DA:25,5
DA:26,5
DA:27,5
DA:28,1
DA:31,4
DA:32,1
DA:36,3
DA:37,1
DA:41,2
DA:42,2
DA:44,2
DA:45,1
DA:47,1
LF:23
LH:23
BRDA:21,0,0,1
BRDA:21,1,0,6
BRDA:21,1,1,5
BRDA:27,2,0,1
BRDA:31,3,0,1
BRDA:36,4,0,1
BRDA:41,5,0,2
BRDA:41,5,1,0
BRDA:44,6,0,1
BRF:9
BRH:8
end_of_record
TN:
SF:src/resource/categorias/categorias.controller.ts
FN:16,(anonymous_4)
FN:21,(anonymous_5)
FN:34,(anonymous_6)
FN:40,(anonymous_7)
FN:46,(anonymous_8)
FN:58,(anonymous_9)
FN:75,(anonymous_10)
FN:92,(anonymous_11)
FN:110,(anonymous_12)
FNF:9
FNH:9
FNDA:16,(anonymous_4)
FNDA:2,(anonymous_5)
FNDA:1,(anonymous_6)
FNDA:1,(anonymous_7)
FNDA:2,(anonymous_8)
FNDA:3,(anonymous_9)
FNDA:2,(anonymous_10)
FNDA:2,(anonymous_11)
FNDA:2,(anonymous_12)
DA:1,1
DA:2,1
DA:3,1
DA:5,1
DA:6,1
DA:7,1
DA:9,1
DA:10,1
DA:15,1
DA:16,16
DA:17,16
DA:21,1
DA:22,2
DA:25,2
DA:26,1
DA:30,1
DA:34,1
DA:35,1
DA:40,1
DA:41,1
DA:46,1
DA:47,2
DA:49,2
DA:50,1
DA:53,2
DA:58,1
DA:59,3
DA:61,3
DA:62,2
DA:63,2
DA:64,1
DA:67,1
DA:70,2
DA:75,1
DA:76,2
DA:79,2
DA:80,2
DA:81,2
DA:82,1
DA:86,1
DA:87,1
DA:92,1
DA:93,2
DA:94,2
DA:96,2
DA:97,2
DA:101,1
DA:103,1
DA:104,1
DA:110,1
DA:111,2
DA:112,2
DA:114,2
DA:115,2
DA:121,2
DA:122,2
DA:127,0
DA:128,0
LF:58
LH:56
BRDA:25,0,0,1
BRDA:49,1,0,1
BRDA:61,2,0,2
BRDA:63,3,0,1
BRDA:79,4,0,2
BRDA:81,5,0,1
BRDA:121,6,0,1
BRDA:121,6,1,1
BRF:8
BRH:8
end_of_record
TN:
SF:src/resource/categorias/categorias.service.ts
FN:14,(anonymous_4)
FN:22,(anonymous_5)
FN:32,(anonymous_6)
FN:42,(anonymous_7)
FN:57,(anonymous_8)
FN:86,(anonymous_9)
FN:103,(anonymous_10)
FN:111,(anonymous_11)
FN:131,(anonymous_12)
FN:139,(anonymous_13)
FN:159,(anonymous_14)
FN:168,(anonymous_15)
FN:188,(anonymous_16)
FN:222,(anonymous_17)
FN:236,(anonymous_18)
FNF:15
FNH:13
FNDA:20,(anonymous_4)
FNDA:1,(anonymous_5)
FNDA:1,(anonymous_6)
FNDA:2,(anonymous_7)
FNDA:3,(anonymous_8)
FNDA:7,(anonymous_9)
FNDA:2,(anonymous_10)
FNDA:2,(anonymous_11)
FNDA:2,(anonymous_12)
FNDA:0,(anonymous_13)
FNDA:2,(anonymous_14)
FNDA:0,(anonymous_15)
FNDA:2,(anonymous_16)
FNDA:2,(anonymous_17)
FNDA:2,(anonymous_18)
DA:1,2
DA:2,2
DA:3,2
DA:4,2
DA:5,2
DA:8,2
DA:9,20
DA:10,20
DA:16,20
DA:18,20
DA:23,1
DA:33,1
DA:44,2
DA:45,2
DA:46,2
DA:47,1
DA:51,1
DA:52,1
DA:53,1
DA:59,3
DA:60,2
DA:61,0
DA:65,2
DA:66,2
DA:72,2
DA:73,1
DA:78,1
DA:81,1
DA:82,1
DA:87,7
DA:95,7
DA:96,2
DA:99,5
DA:104,2
DA:105,2
DA:106,1
DA:113,2
DA:114,2
DA:122,2
DA:123,1
DA:127,1
DA:132,2
DA:133,2
DA:134,1
DA:141,0
DA:142,0
DA:150,0
DA:151,0
DA:155,0
DA:160,2
DA:161,2
DA:162,1
DA:164,1
DA:170,0
DA:171,0
DA:179,0
DA:180,0
DA:184,0
DA:194,2
DA:195,2
DA:203,2
DA:204,1
DA:209,1
DA:215,1
DA:224,2
DA:228,2
DA:229,2
DA:232,2
DA:237,2
DA:242,2
DA:243,2
DA:246,2
LF:72
LH:61
BRDA:44,0,0,2
BRDA:44,1,0,2
BRDA:44,1,1,2
BRDA:46,2,0,1
BRDA:60,3,0,0
BRDA:65,4,0,2
BRDA:65,5,0,2
BRDA:65,5,1,2
BRDA:72,6,0,1
BRDA:95,7,0,2
BRDA:105,8,0,1
BRDA:113,9,0,2
BRDA:122,10,0,1
BRDA:133,11,0,1
BRDA:141,12,0,0
BRDA:150,13,0,0
BRDA:161,14,0,1
BRDA:170,15,0,0
BRDA:179,16,0,0
BRDA:194,17,0,2
BRDA:203,18,0,1
BRDA:228,19,0,2
BRDA:242,20,0,2
BRF:23
BRH:18
end_of_record
TN:
SF:src/resource/contactos/clientes.controller.ts
FN:17,(anonymous_4)
FN:25,(anonymous_5)
FN:41,(anonymous_6)
FN:49,(anonymous_7)
FN:56,(anonymous_8)
FN:63,(anonymous_9)
FNF:6
FNH:6
FNDA:7,(anonymous_4)
FNDA:2,(anonymous_5)
FNDA:2,(anonymous_6)
FNDA:1,(anonymous_7)
FNDA:1,(anonymous_8)
FNDA:1,(anonymous_9)
DA:1,1
DA:2,1
DA:3,1
DA:5,1
DA:6,1
DA:7,1
DA:8,1
DA:9,1
DA:10,1
DA:16,1
DA:18,7
DA:20,7
DA:25,1
DA:26,2
DA:27,2
DA:28,2
DA:29,2
DA:31,2
DA:32,1
DA:34,1
DA:35,1
DA:41,1
DA:42,2
DA:43,2
DA:44,2
DA:49,1
DA:50,1
DA:51,1
DA:56,1
DA:57,1
DA:58,1
DA:63,1
DA:64,1
LF:33
LH:33
BRDA:42,0,0,2
BRDA:42,0,1,1
BRDA:43,1,0,2
BRDA:43,1,1,1
BRF:4
BRH:4
end_of_record
TN:
SF:src/resource/contactos/contactos.service.ts
FN:10,(anonymous_4)
FN:19,(anonymous_5)
FN:35,(anonymous_6)
FN:71,(anonymous_7)
FN:150,(anonymous_8)
FN:154,(anonymous_9)
FN:154,(anonymous_10)
FN:155,(anonymous_11)
FN:180,(anonymous_12)
FNF:9
FNH:9
FNDA:19,(anonymous_4)
FNDA:2,(anonymous_5)
FNDA:4,(anonymous_6)
FNDA:8,(anonymous_7)
FNDA:3,(anonymous_8)
FNDA:3,(anonymous_9)
FNDA:2,(anonymous_10)
FNDA:3,(anonymous_11)
FNDA:3,(anonymous_12)
DA:1,3
DA:2,3
DA:3,3
DA:4,3
DA:5,3
DA:6,3
DA:9,3
DA:12,19
DA:14,19
DA:16,19
DA:20,2
DA:28,2
DA:29,1
DA:32,2
DA:36,4
DA:38,4
DA:39,1
DA:42,3
DA:43,2
DA:50,2
DA:51,1
DA:55,2
DA:57,3
DA:58,2
DA:62,1
DA:63,1
DA:66,0
DA:67,0
DA:72,8
DA:73,8
DA:77,8
DA:80,7
DA:81,3
DA:82,3
DA:85,3
DA:86,1
DA:90,2
DA:92,2
DA:99,2
DA:100,1
DA:106,5
DA:107,2
DA:110,1
DA:112,1
DA:115,1
DA:119,3
DA:120,3
DA:121,1
DA:122,1
DA:123,1
DA:126,2
DA:127,2
DA:128,2
DA:131,1
DA:136,7
DA:137,6
DA:141,1
DA:142,1
DA:145,0
DA:146,0
DA:152,3
DA:153,2
DA:154,3
DA:155,3
DA:157,2
DA:158,1
DA:161,2
DA:162,2
DA:163,1
DA:167,1
DA:172,0
DA:176,1
DA:177,1
DA:181,3
DA:182,3
DA:183,2
DA:184,1
DA:186,1
DA:187,1
LF:79
LH:74
BRDA:28,0,0,1
BRDA:28,1,0,2
BRDA:28,1,1,1
BRDA:38,2,0,1
BRDA:38,3,0,4
BRDA:38,3,1,3
BRDA:42,4,0,2
BRDA:42,5,0,3
BRDA:42,5,1,2
BRDA:42,5,2,2
BRDA:50,6,0,1
BRDA:57,7,0,2
BRDA:62,8,0,1
BRDA:62,9,0,1
BRDA:62,9,1,1
BRDA:77,10,0,1
BRDA:80,11,0,3
BRDA:80,12,0,7
BRDA:80,12,1,5
BRDA:81,13,0,3
BRDA:81,13,1,1
BRDA:82,14,0,3
BRDA:82,14,1,1
BRDA:85,15,0,1
BRDA:85,16,0,3
BRDA:85,16,1,3
BRDA:90,17,0,2
BRDA:90,18,0,2
BRDA:90,18,1,2
BRDA:90,18,2,2
BRDA:90,18,3,2
BRDA:90,18,4,2
BRDA:99,19,0,1
BRDA:99,20,0,2
BRDA:99,20,1,1
BRDA:106,21,0,2
BRDA:107,22,0,1
BRDA:108,23,0,2
BRDA:108,23,1,1
BRDA:112,24,0,1
BRDA:120,25,0,1
BRDA:122,26,0,1
BRDA:136,27,0,6
BRDA:136,28,0,7
BRDA:136,28,1,3
BRDA:141,29,0,1
BRDA:141,30,0,1
BRDA:141,30,1,1
BRDA:152,31,0,2
BRDA:157,32,0,1
BRDA:161,33,0,2
BRDA:161,33,1,0
BRDA:162,34,0,1
BRDA:162,34,1,1
BRDA:164,35,0,0
BRDA:164,35,1,1
BRDA:164,36,0,0
BRDA:164,36,1,1
BRDA:164,37,0,0
BRDA:164,37,1,1
BRDA:168,38,0,0
BRDA:168,38,1,1
BRDA:168,39,0,0
BRDA:168,39,1,1
BRDA:168,40,0,0
BRDA:168,40,1,1
BRDA:168,41,0,0
BRDA:168,41,1,1
BRDA:168,42,0,0
BRDA:168,42,1,1
BRDA:182,43,0,1
BRDA:183,44,0,1
BRF:72
BRH:63
end_of_record
TN:
SF:src/resource/contactos/proveedores.controller.ts
FN:17,(anonymous_4)
FN:25,(anonymous_5)
FN:41,(anonymous_6)
FN:49,(anonymous_7)
FN:56,(anonymous_8)
FN:63,(anonymous_9)
FNF:6
FNH:6
FNDA:7,(anonymous_4)
FNDA:2,(anonymous_5)
FNDA:2,(anonymous_6)
FNDA:1,(anonymous_7)
FNDA:1,(anonymous_8)
FNDA:1,(anonymous_9)
DA:1,1
DA:2,1
DA:3,1
DA:5,1
DA:6,1
DA:7,1
DA:8,1
DA:9,1
DA:10,1
DA:16,1
DA:18,7
DA:20,7
DA:25,1
DA:26,2
DA:27,2
DA:28,2
DA:29,2
DA:31,2
DA:32,1
DA:34,1
DA:35,1
DA:41,1
DA:42,2
DA:43,2
DA:44,2
DA:49,1
DA:50,1
DA:51,1
DA:56,1
DA:57,1
DA:58,1
DA:63,1
DA:64,1
LF:33
LH:33
BRDA:42,0,0,2
BRDA:42,0,1,1
BRDA:43,1,0,2
BRDA:43,1,1,2
BRF:4
BRH:4
end_of_record
TN:
SF:src/resource/empresa/empresa.controller.ts
FN:17,(anonymous_4)
FN:23,(anonymous_5)
FN:29,(anonymous_6)
FN:35,(anonymous_7)
FNF:4
FNH:4
FNDA:4,(anonymous_4)
FNDA:1,(anonymous_5)
FNDA:1,(anonymous_6)
FNDA:1,(anonymous_7)
DA:1,1
DA:2,1
DA:3,1
DA:5,1
DA:6,1
DA:7,1
DA:8,1
DA:10,1
DA:16,1
DA:17,4
DA:18,4
DA:23,1
DA:24,1
DA:29,1
DA:30,1
DA:35,1
DA:36,1
LF:17
LH:17
BRF:0
BRH:0
end_of_record
TN:
SF:src/resource/empresa/empresa.service.ts
FN:18,(anonymous_4)
FN:29,(anonymous_5)
FN:46,(anonymous_6)
FN:59,(anonymous_7)
FN:83,(anonymous_8)
FNF:5
FNH:1
FNDA:1,(anonymous_4)
FNDA:0,(anonymous_5)
FNDA:0,(anonymous_6)
FNDA:0,(anonymous_7)
FNDA:0,(anonymous_8)
DA:1,3
DA:2,3
DA:3,3
DA:4,3
DA:5,3
DA:6,3
DA:7,3
DA:13,3
DA:14,1
DA:15,1
DA:20,1
DA:22,1
DA:24,1
DA:26,1
DA:30,0
DA:31,0
DA:32,0
DA:34,0
DA:35,0
DA:36,0
DA:38,0
DA:39,0
DA:40,0
DA:42,0
DA:43,0
DA:47,0
DA:48,0
DA:49,0
DA:51,0
DA:52,0
DA:53,0
DA:55,0
DA:56,0
DA:61,0
DA:62,0
DA:66,0
DA:67,0
DA:68,0
DA:72,0
DA:74,0
DA:76,0
DA:84,0
DA:86,0
DA:87,0
DA:88,0
DA:89,0
DA:108,0
DA:110,0
LF:48
LH:14
BRDA:31,0,0,0
BRDA:35,1,0,0
BRDA:39,2,0,0
BRDA:48,3,0,0
BRDA:52,4,0,0
BRDA:61,5,0,0
BRDA:67,6,0,0
BRF:7
BRH:0
end_of_record
TN:
SF:src/resource/mail-service/mail-service.controller.ts
FN:6,(anonymous_4)
FN:9,(anonymous_5)
FN:16,(anonymous_6)
FNF:3
FNH:3
FNDA:3,(anonymous_4)
FNDA:1,(anonymous_5)
FNDA:1,(anonymous_6)
DA:1,1
DA:2,1
DA:5,1
DA:6,3
DA:9,1
DA:12,1
DA:13,1
DA:16,1
DA:17,1
DA:18,1
LF:10
LH:10
BRF:0
BRH:0
end_of_record
TN:
SF:src/resource/mail-service/mail-service.service.ts
FN:14,(anonymous_4)
FN:17,(anonymous_5)
FN:34,(anonymous_6)
FN:84,(anonymous_7)
FN:99,(anonymous_8)
FNF:5
FNH:5
FNDA:2,(anonymous_4)
FNDA:10,(anonymous_5)
FNDA:4,(anonymous_6)
FNDA:3,(anonymous_7)
FNDA:2,(anonymous_8)
DA:1,16
DA:2,16
DA:3,16
DA:4,16
DA:5,16
DA:6,16
DA:7,16
DA:8,16
DA:9,16
DA:12,16
DA:15,2
DA:19,10
DA:21,10
DA:23,10
DA:36,4
DA:37,4
DA:38,1
DA:42,3
DA:43,3
DA:44,1
DA:47,2
DA:48,2
DA:50,2
DA:51,2
DA:59,2
DA:61,2
DA:62,2
DA:65,1
DA:67,1
DA:75,1
DA:76,1
DA:78,1
DA:80,1
DA:85,3
DA:89,3
DA:90,1
DA:92,2
DA:93,1
DA:95,1
DA:96,1
DA:100,2
DA:102,2
DA:103,2
DA:106,1
DA:108,1
DA:116,1
DA:117,1
DA:119,1
DA:121,1
LF:49
LH:49
BRDA:36,0,0,4
BRDA:36,0,1,0
BRDA:37,1,0,1
BRDA:43,2,0,1
BRDA:89,3,0,1
BRDA:92,4,0,1
BRF:6
BRH:5
end_of_record
TN:
SF:src/resource/marcas/marcas.controller.ts
FN:18,(anonymous_4)
FN:24,(anonymous_5)
FN:38,(anonymous_6)
FN:44,(anonymous_7)
FN:50,(anonymous_8)
FN:62,(anonymous_9)
FN:85,(anonymous_10)
FN:105,(anonymous_11)
FN:125,(anonymous_12)
FNF:9
FNH:7
FNDA:9,(anonymous_4)
FNDA:2,(anonymous_5)
FNDA:0,(anonymous_6)
FNDA:0,(anonymous_7)
FNDA:1,(anonymous_8)
FNDA:2,(anonymous_9)
FNDA:1,(anonymous_10)
FNDA:1,(anonymous_11)
FNDA:1,(anonymous_12)
DA:1,1
DA:2,1
DA:4,1
DA:5,1
DA:6,1
DA:7,1
DA:9,1
DA:10,1
DA:11,1
DA:12,1
DA:17,1
DA:18,9
DA:19,9
DA:24,1
DA:25,2
DA:28,2
DA:29,1
DA:33,1
DA:38,1
DA:39,0
DA:44,1
DA:45,0
DA:50,1
DA:51,1
DA:53,1
DA:54,1
DA:57,1
DA:62,1
DA:63,2
DA:66,2
DA:67,2
DA:68,2
DA:69,0
DA:71,2
DA:72,1
DA:75,1
DA:76,0
DA:80,1
DA:85,1
DA:89,1
DA:92,1
DA:93,1
DA:94,1
DA:95,0
DA:99,1
DA:100,1
DA:105,1
DA:108,1
DA:109,1
DA:111,1
DA:112,1
DA:116,1
DA:118,0
DA:119,0
DA:125,1
DA:126,1
DA:127,1
DA:129,1
DA:130,1
DA:136,1
DA:137,1
DA:142,0
DA:143,0
LF:63
LH:54
BRDA:28,0,0,1
BRDA:53,1,0,1
BRDA:53,2,0,1
BRDA:53,2,1,1
BRDA:66,3,0,2
BRDA:68,4,0,0
BRDA:71,5,0,1
BRDA:75,6,0,0
BRDA:75,7,0,1
BRDA:75,7,1,0
BRDA:92,8,0,1
BRDA:94,9,0,0
BRDA:136,10,0,0
BRDA:136,10,1,1
BRF:14
BRH:9
end_of_record
TN:
SF:src/resource/marcas/marcas.service.ts
FN:14,(anonymous_4)
FN:21,(anonymous_5)
FN:28,(anonymous_6)
FN:35,(anonymous_7)
FN:48,(anonymous_8)
FN:62,(anonymous_9)
FN:79,(anonymous_10)
FN:91,(anonymous_11)
FN:99,(anonymous_12)
FN:104,(anonymous_13)
FN:120,(anonymous_14)
FN:143,(anonymous_15)
FN:149,(anonymous_16)
FNF:13
FNH:9
FNDA:12,(anonymous_4)
FNDA:1,(anonymous_5)
FNDA:1,(anonymous_6)
FNDA:0,(anonymous_7)
FNDA:0,(anonymous_8)
FNDA:2,(anonymous_9)
FNDA:2,(anonymous_10)
FNDA:5,(anonymous_11)
FNDA:1,(anonymous_12)
FNDA:2,(anonymous_13)
FNDA:1,(anonymous_14)
FNDA:0,(anonymous_15)
FNDA:0,(anonymous_16)
DA:1,2
DA:4,2
DA:5,2
DA:6,2
DA:7,2
DA:10,2
DA:11,12
DA:12,12
DA:16,12
DA:18,12
DA:22,1
DA:29,1
DA:36,0
DA:40,0
DA:41,0
DA:44,0
DA:49,0
DA:54,0
DA:55,0
DA:58,0
DA:63,2
DA:64,2
DA:69,1
DA:70,1
DA:73,1
DA:74,1
DA:80,2
DA:82,2
DA:83,1
DA:86,1
DA:87,1
DA:92,5
DA:100,1
DA:106,2
DA:107,2
DA:111,2
DA:112,1
DA:116,1
DA:122,1
DA:123,1
DA:127,1
DA:128,0
DA:133,1
DA:136,1
DA:144,0
DA:145,0
DA:150,0
LF:47
LH:35
BRDA:40,0,0,0
BRDA:54,1,0,0
BRDA:66,2,0,2
BRDA:66,2,1,2
BRDA:82,3,0,1
BRDA:106,4,0,2
BRDA:111,5,0,1
BRDA:122,6,0,1
BRDA:127,7,0,0
BRF:9
BRH:6
end_of_record
TN:
SF:src/resource/movimientos-stock/movimientos-stock.controller.ts
FN:19,(anonymous_4)
FN:25,(anonymous_5)
FN:31,(anonymous_6)
FN:48,(anonymous_7)
FN:79,(anonymous_8)
FNF:5
FNH:5
FNDA:6,(anonymous_4)
FNDA:1,(anonymous_5)
FNDA:2,(anonymous_6)
FNDA:1,(anonymous_7)
FNDA:1,(anonymous_8)
DA:1,1
DA:2,1
DA:4,1
DA:5,1
DA:6,1
DA:7,1
DA:8,1
DA:10,1
DA:11,1
DA:12,1
DA:13,1
DA:18,1
DA:19,6
DA:20,6
DA:25,1
DA:26,1
DA:31,1
DA:32,2
DA:34,2
DA:35,0
DA:39,2
DA:40,1
DA:43,1
DA:48,1
DA:53,1
DA:55,1
DA:56,0
DA:60,1
DA:64,1
DA:74,1
DA:79,1
DA:83,1
DA:85,1
DA:86,0
DA:90,1
DA:91,1
DA:95,0
LF:37
LH:33
BRDA:34,0,0,0
BRDA:39,1,0,1
BRDA:55,2,0,0
BRDA:60,3,0,0
BRDA:60,3,1,1
BRDA:85,4,0,0
BRDA:90,5,0,1
BRF:7
BRH:3
end_of_record
TN:
SF:src/resource/movimientos-stock/movimientos-stock.service.ts
FN:13,(anonymous_4)
FN:22,(anonymous_5)
FN:24,(anonymous_6)
FN:101,(anonymous_7)
FN:110,(anonymous_8)
FN:118,(anonymous_9)
FN:132,(anonymous_10)
FNF:7
FNH:7
FNDA:11,(anonymous_4)
FNDA:5,(anonymous_5)
FNDA:5,(anonymous_6)
FNDA:1,(anonymous_7)
FNDA:1,(anonymous_8)
FNDA:2,(anonymous_9)
FNDA:2,(anonymous_10)
DA:1,2
DA:2,2
DA:3,2
DA:4,2
DA:5,2
DA:6,2
DA:7,2
DA:10,2
DA:11,11
DA:12,11
DA:15,11
DA:17,11
DA:19,11
DA:24,5
DA:25,5
DA:27,5
DA:31,5
DA:32,1
DA:36,4
DA:37,4
DA:39,4
DA:42,2
DA:43,2
DA:46,1
DA:47,1
DA:51,0
DA:52,0
DA:55,1
DA:59,3
DA:62,3
DA:63,1
DA:64,1
DA:70,2
DA:81,2
DA:84,1
DA:85,1
DA:87,1
DA:91,4
DA:92,3
DA:95,1
DA:96,1
DA:102,1
DA:111,1
DA:119,2
DA:121,2
DA:122,1
DA:124,2
DA:134,2
DA:135,1
DA:140,1
DA:141,0
DA:144,1
DA:148,2
LF:53
LH:50
BRDA:31,0,0,1
BRDA:37,1,0,4
BRDA:37,1,1,1
BRDA:39,2,0,1
BRDA:39,2,1,2
BRDA:39,2,2,1
BRDA:39,2,3,0
BRDA:39,2,4,1
BRDA:62,3,0,1
BRDA:63,4,0,0
BRDA:63,4,1,1
BRDA:65,5,0,0
BRDA:65,5,1,1
BRDA:91,6,0,3
BRDA:121,7,0,1
BRDA:134,8,0,1
BRDA:140,9,0,0
BRF:17
BRH:13
end_of_record
TN:
SF:src/resource/permisos/permisos.controller.ts
FN:10,(anonymous_2)
FN:15,(anonymous_3)
FNF:2
FNH:2
FNDA:1,(anonymous_2)
FNDA:1,(anonymous_3)
DA:1,1
DA:2,1
DA:4,1
DA:5,1
DA:9,1
DA:10,1
DA:11,1
DA:15,1
DA:16,1
LF:9
LH:9
BRF:0
BRH:0
end_of_record
TN:
SF:src/resource/permisos/permisos.service.ts
FN:13,(anonymous_4)
FNF:1
FNH:1
FNDA:1,(anonymous_4)
DA:1,2
DA:2,2
DA:3,2
DA:4,2
DA:5,2
DA:8,2
DA:9,1
DA:10,1
DA:15,1
DA:17,1
LF:10
LH:10
BRF:0
BRH:0
end_of_record
TN:
SF:src/resource/productos/productos.controller.ts
FN:18,(anonymous_4)
FN:23,(anonymous_5)
FN:37,(anonymous_6)
FN:43,(anonymous_7)
FN:49,(anonymous_8)
FN:61,(anonymous_9)
FN:84,(anonymous_10)
FN:104,(anonymous_11)
FN:123,(anonymous_12)
FNF:9
FNH:0
FNDA:0,(anonymous_4)
FNDA:0,(anonymous_5)
FNDA:0,(anonymous_6)
FNDA:0,(anonymous_7)
FNDA:0,(anonymous_8)
FNDA:0,(anonymous_9)
FNDA:0,(anonymous_10)
FNDA:0,(anonymous_11)
FNDA:0,(anonymous_12)
DA:1,1
DA:2,1
DA:3,1
DA:4,1
DA:5,1
DA:6,1
DA:7,1
DA:8,1
DA:9,1
DA:12,1
DA:17,1
DA:18,0
DA:19,0
DA:23,1
DA:24,0
DA:27,0
DA:28,0
DA:32,0
DA:37,1
DA:38,0
DA:43,1
DA:44,0
DA:49,1
DA:50,0
DA:52,0
DA:53,0
DA:56,0
DA:61,1
DA:62,0
DA:65,0
DA:66,0
DA:67,0
DA:68,0
DA:70,0
DA:71,0
DA:74,0
DA:75,0
DA:79,0
DA:84,1
DA:88,0
DA:91,0
DA:92,0
DA:93,0
DA:94,0
DA:98,0
DA:99,0
DA:104,1
DA:107,0
DA:108,0
DA:110,0
DA:111,0
DA:115,0
DA:117,0
DA:123,1
DA:124,0
DA:125,0
DA:127,0
DA:128,0
DA:134,0
DA:135,0
DA:142,0
LF:61
LH:19
BRDA:27,0,0,0
BRDA:52,1,0,0
BRDA:52,2,0,0
BRDA:52,2,1,0
BRDA:65,3,0,0
BRDA:67,4,0,0
BRDA:70,5,0,0
BRDA:74,6,0,0
BRDA:74,7,0,0
BRDA:74,7,1,0
BRDA:91,8,0,0
BRDA:93,9,0,0
BRDA:134,10,0,0
BRDA:134,10,1,0
BRF:14
BRH:0
end_of_record
TN:
SF:src/resource/productos/productos.service.ts
FN:18,(anonymous_4)
FN:27,(anonymous_5)
FN:35,(anonymous_6)
FN:42,(anonymous_7)
FN:55,(anonymous_8)
FN:84,(anonymous_9)
FN:101,(anonymous_10)
FN:109,(anonymous_11)
FN:114,(anonymous_12)
FN:130,(anonymous_13)
FN:152,(anonymous_14)
FN:168,(anonymous_15)
FN:174,(anonymous_16)
FN:178,(anonymous_17)
FNF:14
FNH:9
FNDA:12,(anonymous_4)
FNDA:1,(anonymous_5)
FNDA:1,(anonymous_6)
FNDA:0,(anonymous_7)
FNDA:2,(anonymous_8)
FNDA:3,(anonymous_9)
FNDA:5,(anonymous_10)
FNDA:0,(anonymous_11)
FNDA:0,(anonymous_12)
FNDA:2,(anonymous_13)
FNDA:1,(anonymous_14)
FNDA:0,(anonymous_15)
FNDA:0,(anonymous_16)
FNDA:2,(anonymous_17)
DA:1,3
DA:4,3
DA:5,3
DA:7,3
DA:8,3
DA:9,3
DA:10,3
DA:11,3
DA:14,3
DA:15,12
DA:16,12
DA:20,12
DA:22,12
DA:24,12
DA:28,1
DA:36,1
DA:43,0
DA:47,0
DA:48,0
DA:51,0
DA:56,2
DA:57,2
DA:63,1
DA:65,1
DA:74,1
DA:75,1
DA:78,1
DA:79,1
DA:85,3
DA:87,3
DA:88,1
DA:92,2
DA:93,1
DA:96,1
DA:97,1
DA:102,5
DA:110,0
DA:116,0
DA:117,0
DA:121,0
DA:122,0
DA:126,0
DA:132,2
DA:133,2
DA:137,2
DA:138,0
DA:143,2
DA:144,2
DA:151,2
DA:152,1
DA:153,1
DA:158,1
DA:161,1
DA:169,0
DA:170,0
DA:175,0
DA:179,2
DA:182,2
DA:183,1
DA:185,1
LF:60
LH:46
BRDA:47,0,0,0
BRDA:59,1,0,2
BRDA:59,1,1,2
BRDA:60,2,0,2
BRDA:60,2,1,0
BRDA:61,3,0,2
BRDA:61,3,1,0
BRDA:69,4,0,1
BRDA:69,4,1,0
BRDA:70,5,0,1
BRDA:70,5,1,0
BRDA:87,6,0,1
BRDA:92,7,0,1
BRDA:92,8,0,2
BRDA:92,8,1,1
BRDA:116,9,0,0
BRDA:121,10,0,0
BRDA:132,11,0,2
BRDA:137,12,0,0
BRDA:143,13,0,2
BRDA:151,14,0,1
BRDA:182,15,0,1
BRF:22
BRH:14
end_of_record
TN:
SF:src/resource/roles/roles.controller.ts
FN:15,(anonymous_4)
FN:20,(anonymous_5)
FN:33,(anonymous_6)
FN:39,(anonymous_7)
FN:45,(anonymous_8)
FN:58,(anonymous_9)
FN:76,(anonymous_10)
FN:98,(anonymous_11)
FN:117,(anonymous_12)
FNF:9
FNH:1
FNDA:1,(anonymous_4)
FNDA:0,(anonymous_5)
FNDA:0,(anonymous_6)
FNDA:0,(anonymous_7)
FNDA:0,(anonymous_8)
FNDA:0,(anonymous_9)
FNDA:0,(anonymous_10)
FNDA:0,(anonymous_11)
FNDA:0,(anonymous_12)
DA:1,1
DA:2,1
DA:4,1
DA:5,1
DA:6,1
DA:8,1
DA:9,1
DA:14,1
DA:15,1
DA:16,1
DA:20,1
DA:21,0
DA:23,0
DA:24,0
DA:28,0
DA:33,1
DA:34,0
DA:39,1
DA:40,0
DA:45,1
DA:46,0
DA:49,0
DA:50,0
DA:53,0
DA:58,1
DA:59,0
DA:62,0
DA:63,0
DA:64,0
DA:65,0
DA:68,0
DA:71,0
DA:76,1
DA:77,0
DA:80,0
DA:81,0
DA:85,0
DA:86,0
DA:87,0
DA:88,0
DA:92,0
DA:93,0
DA:98,1
DA:99,0
DA:100,0
DA:102,0
DA:103,0
DA:108,0
DA:110,0
DA:111,0
DA:117,1
DA:118,0
DA:119,0
DA:121,0
DA:122,0
DA:129,0
DA:130,0
DA:135,0
DA:136,0
LF:59
LH:18
BRDA:23,0,0,0
BRDA:49,1,0,0
BRDA:62,2,0,0
BRDA:64,3,0,0
BRDA:80,4,0,0
BRDA:85,5,0,0
BRDA:87,6,0,0
BRDA:129,7,0,0
BRDA:129,7,1,0
BRF:9
BRH:0
end_of_record
TN:
SF:src/resource/roles/roles.service.ts
FN:14,(anonymous_4)
FN:24,(anonymous_5)
FN:32,(anonymous_6)
FN:39,(anonymous_7)
FN:63,(anonymous_8)
FN:86,(anonymous_9)
FN:94,(anonymous_10)
FN:99,(anonymous_11)
FN:120,(anonymous_12)
FN:148,(anonymous_13)
FN:154,(anonymous_14)
FNF:11
FNH:11
FNDA:16,(anonymous_4)
FNDA:1,(anonymous_5)
FNDA:1,(anonymous_6)
FNDA:2,(anonymous_7)
FNDA:2,(anonymous_8)
FNDA:6,(anonymous_9)
FNDA:1,(anonymous_10)
FNDA:3,(anonymous_11)
FNDA:3,(anonymous_12)
FNDA:1,(anonymous_13)
FNDA:1,(anonymous_14)
DA:1,2
DA:2,2
DA:3,2
DA:4,2
DA:5,2
DA:6,2
DA:9,2
DA:10,16
DA:11,16
DA:16,16
DA:18,16
DA:20,16
DA:25,1
DA:33,1
DA:40,2
DA:43,2
DA:44,2
DA:47,2
DA:48,1
DA:52,1
DA:55,1
DA:56,1
DA:59,2
DA:64,2
DA:67,2
DA:70,2
DA:71,2
DA:73,2
DA:74,1
DA:77,1
DA:78,1
DA:79,1
DA:82,1
DA:87,6
DA:95,1
DA:101,3
DA:102,2
DA:106,2
DA:107,1
DA:112,2
DA:113,1
DA:116,1
DA:122,3
DA:123,2
DA:127,2
DA:128,1
DA:133,2
DA:134,1
DA:138,1
DA:141,1
DA:149,1
DA:150,1
DA:155,1
LF:53
LH:53
BRDA:47,0,0,1
BRDA:47,1,0,2
BRDA:47,1,1,1
BRDA:70,2,0,2
BRDA:70,3,0,2
BRDA:70,3,1,2
BRDA:73,4,0,1
BRDA:101,5,0,2
BRDA:106,6,0,1
BRDA:112,7,0,1
BRDA:112,8,0,2
BRDA:112,8,1,1
BRDA:122,9,0,2
BRDA:127,10,0,1
BRDA:133,11,0,1
BRDA:133,12,0,2
BRDA:133,12,1,1
BRF:17
BRH:17
end_of_record
TN:
SF:src/resource/sucursales/sucursales.controller.ts
FN:17,(anonymous_4)
FN:26,(anonymous_5)
FN:32,(anonymous_6)
FN:38,(anonymous_7)
FN:44,(anonymous_8)
FN:50,(anonymous_9)
FN:56,(anonymous_10)
FN:62,(anonymous_11)
FN:68,(anonymous_12)
FN:74,(anonymous_13)
FN:80,(anonymous_14)
FNF:11
FNH:1
FNDA:1,(anonymous_4)
FNDA:0,(anonymous_5)
FNDA:0,(anonymous_6)
FNDA:0,(anonymous_7)
FNDA:0,(anonymous_8)
FNDA:0,(anonymous_9)
FNDA:0,(anonymous_10)
FNDA:0,(anonymous_11)
FNDA:0,(anonymous_12)
FNDA:0,(anonymous_13)
FNDA:0,(anonymous_14)
DA:1,1
DA:2,1
DA:4,1
DA:5,1
DA:6,1
DA:7,1
DA:8,1
DA:9,1
DA:10,1
DA:11,1
DA:16,1
DA:18,1
DA:19,1
DA:21,1
DA:26,1
DA:27,0
DA:32,1
DA:33,0
DA:38,1
DA:39,0
DA:44,1
DA:45,0
DA:50,1
DA:51,0
DA:56,1
DA:57,0
DA:62,1
DA:63,0
DA:68,1
DA:69,0
DA:74,1
DA:75,0
DA:80,1
DA:81,0
LF:34
LH:24
BRF:0
BRH:0
end_of_record
TN:
SF:src/resource/sucursales/sucursales.service.ts
FN:16,(anonymous_4)
FN:23,(anonymous_5)
FN:30,(anonymous_6)
FN:42,(anonymous_7)
FN:47,(anonymous_8)
FN:50,(anonymous_9)
FNF:6
FNH:1
FNDA:1,(anonymous_4)
FNDA:0,(anonymous_5)
FNDA:0,(anonymous_6)
FNDA:0,(anonymous_7)
FNDA:0,(anonymous_8)
FNDA:0,(anonymous_9)
DA:1,2
DA:2,2
DA:3,2
DA:4,2
DA:5,2
DA:9,2
DA:10,1
DA:13,1
DA:18,1
DA:20,1
DA:24,0
DA:31,0
DA:32,0
DA:33,0
DA:35,0
DA:36,0
DA:38,0
DA:39,0
DA:43,0
DA:44,0
DA:49,0
DA:50,0
DA:52,0
DA:53,0
DA:56,0
DA:57,0
LF:26
LH:10
BRDA:32,0,0,0
BRDA:35,1,0,0
BRDA:52,2,0,0
BRF:3
BRH:0
end_of_record
TN:
SF:src/resource/ubicaciones/ubicaciones.controller.ts
FN:10,(anonymous_4)
FN:14,(anonymous_5)
FN:18,(anonymous_6)
FNF:3
FNH:3
FNDA:2,(anonymous_4)
FNDA:1,(anonymous_5)
FNDA:1,(anonymous_6)
DA:1,1
DA:2,1
DA:3,1
DA:4,1
DA:5,1
DA:9,1
DA:10,2
DA:14,1
DA:18,1
LF:9
LH:9
BRF:0
BRH:0
end_of_record
TN:
SF:src/resource/ubicaciones/ubicaciones.service.ts
FN:9,(anonymous_4)
FN:16,(anonymous_5)
FN:17,(anonymous_6)
FNF:3
FNH:3
FNDA:2,(anonymous_4)
FNDA:1,(anonymous_5)
FNDA:1,(anonymous_6)
DA:1,2
DA:2,2
DA:3,2
DA:4,2
DA:5,2
DA:8,2
DA:11,2
DA:13,2
DA:16,1
DA:17,1
LF:10
LH:10
BRF:0
BRH:0
end_of_record
TN:
SF:src/resource/users/users.controller.ts
FN:18,(anonymous_4)
FN:24,(anonymous_5)
FN:31,(anonymous_6)
FN:38,(anonymous_7)
FN:45,(anonymous_8)
FN:52,(anonymous_9)
FN:61,(anonymous_10)
FN:70,(anonymous_11)
FN:79,(anonymous_12)
FN:89,(anonymous_13)
FN:102,(anonymous_14)
FN:113,(anonymous_15)
FNF:12
FNH:12
FNDA:12,(anonymous_4)
FNDA:1,(anonymous_5)
FNDA:1,(anonymous_6)
FNDA:1,(anonymous_7)
FNDA:1,(anonymous_8)
FNDA:1,(anonymous_9)
FNDA:1,(anonymous_10)
FNDA:1,(anonymous_11)
FNDA:1,(anonymous_12)
FNDA:1,(anonymous_13)
FNDA:1,(anonymous_14)
FNDA:1,(anonymous_15)
DA:1,1
DA:2,1
DA:3,1
DA:4,1
DA:5,1
DA:7,1
DA:10,1
DA:12,1
DA:13,1
DA:14,1
DA:17,1
DA:18,12
DA:19,12
DA:24,1
DA:25,1
DA:26,1
DA:31,1
DA:32,1
DA:38,1
DA:39,1
DA:45,1
DA:46,1
DA:52,1
DA:56,1
DA:61,1
DA:62,1
DA:70,1
DA:75,1
DA:79,1
DA:83,1
DA:89,1
DA:90,1
DA:102,1
DA:107,1
DA:113,1
DA:117,1
LF:36
LH:36
BRF:0
BRH:0
end_of_record
TN:
SF:src/resource/users/users.service.ts
FN:19,(anonymous_4)
FN:45,(anonymous_5)
FN:48,(anonymous_6)
FN:50,(anonymous_7)
FN:51,(anonymous_8)
FN:58,(anonymous_9)
FN:72,(anonymous_10)
FN:82,(anonymous_11)
FN:130,(anonymous_12)
FN:186,(anonymous_13)
FN:233,(anonymous_14)
FN:248,(anonymous_15)
FN:259,(anonymous_16)
FN:263,(anonymous_17)
FN:282,(anonymous_18)
FN:308,(anonymous_19)
FN:315,(anonymous_20)
FN:323,(anonymous_21)
FN:331,(anonymous_22)
FN:332,(anonymous_23)
FN:360,(anonymous_24)
FN:382,(anonymous_25)
FN:390,(anonymous_26)
FNF:23
FNH:23
FNDA:44,(anonymous_4)
FNDA:1,(anonymous_5)
FNDA:3,(anonymous_6)
FNDA:6,(anonymous_7)
FNDA:3,(anonymous_8)
FNDA:2,(anonymous_9)
FNDA:1,(anonymous_10)
FNDA:3,(anonymous_11)
FNDA:5,(anonymous_12)
FNDA:4,(anonymous_13)
FNDA:3,(anonymous_14)
FNDA:7,(anonymous_15)
FNDA:1,(anonymous_16)
FNDA:4,(anonymous_17)
FNDA:3,(anonymous_18)
FNDA:1,(anonymous_19)
FNDA:6,(anonymous_20)
FNDA:10,(anonymous_21)
FNDA:2,(anonymous_22)
FNDA:3,(anonymous_23)
FNDA:3,(anonymous_24)
FNDA:4,(anonymous_25)
FNDA:2,(anonymous_26)
DA:1,14
DA:5,14
DA:6,14
DA:7,14
DA:8,14
DA:9,14
DA:10,14
DA:11,14
DA:12,14
DA:14,14
DA:15,14
DA:18,14
DA:20,44
DA:21,44
DA:25,44
DA:28,44
DA:31,44
DA:34,44
DA:36,44
DA:38,44
DA:41,44
DA:46,1
DA:49,3
DA:50,6
DA:51,3
DA:52,3
DA:53,1
DA:55,2
DA:59,2
DA:72,1
DA:79,2
DA:83,3
DA:84,3
DA:85,3
DA:88,3
DA:94,3
DA:97,2
DA:98,2
DA:99,2
DA:100,2
DA:101,2
DA:102,2
DA:103,2
DA:104,2
DA:105,2
DA:106,2
DA:107,2
DA:108,2
DA:109,2
DA:111,2
DA:112,2
DA:114,1
DA:116,2
DA:122,1
DA:123,1
DA:126,0
DA:131,5
DA:132,5
DA:134,5
DA:135,5
DA:138,5
DA:139,5
DA:143,5
DA:144,3
DA:145,3
DA:146,1
DA:148,2
DA:152,4
DA:153,2
DA:154,2
DA:155,1
DA:157,1
DA:161,3
DA:162,3
DA:165,3
DA:168,1
DA:173,1
DA:175,4
DA:176,4
DA:177,1
DA:179,3
DA:180,2
DA:182,1
DA:187,4
DA:192,4
DA:193,1
DA:196,3
DA:199,3
DA:200,3
DA:201,2
DA:202,2
DA:203,1
DA:206,1
DA:211,3
DA:212,3
DA:213,2
DA:214,2
DA:215,1
DA:218,1
DA:223,3
DA:226,3
DA:227,1
DA:230,3
DA:234,3
DA:236,3
DA:237,1
DA:239,2
DA:240,2
DA:241,1
DA:243,1
DA:249,7
DA:260,1
DA:264,4
DA:265,4
DA:266,1
DA:269,3
DA:270,3
DA:271,1
DA:274,2
DA:275,1
DA:277,1
DA:278,1
DA:280,1
DA:283,3
DA:284,3
DA:285,3
DA:286,1
DA:288,2
DA:289,2
DA:291,1
DA:292,1
DA:301,2
DA:302,1
DA:304,1
DA:305,1
DA:309,1
DA:318,6
DA:319,1
DA:323,10
DA:326,5
DA:330,5
DA:331,2
DA:332,3
DA:333,1
DA:337,4
DA:338,4
DA:339,1
DA:342,3
DA:344,3
DA:345,5
DA:346,5
DA:349,2
DA:355,1
DA:356,1
DA:361,3
DA:364,3
DA:365,1
DA:369,2
DA:370,2
DA:371,1
DA:375,1
DA:377,1
DA:383,4
DA:387,4
DA:388,1
DA:390,3
LF:166
LH:165
BRDA:52,0,0,1
BRDA:62,1,0,1
BRDA:62,1,1,1
BRDA:69,2,0,1
BRDA:69,2,1,1
BRDA:72,3,0,1
BRDA:72,3,1,0
BRDA:122,4,0,1
BRDA:138,5,0,5
BRDA:143,6,0,3
BRDA:145,7,0,1
BRDA:152,8,0,2
BRDA:154,9,0,1
BRDA:161,10,0,3
BRDA:176,11,0,1
BRDA:179,12,0,2
BRDA:179,13,0,3
BRDA:179,13,1,1
BRDA:192,14,0,1
BRDA:199,15,0,3
BRDA:200,16,0,2
BRDA:200,16,1,1
BRDA:202,17,0,1
BRDA:211,18,0,3
BRDA:212,19,0,2
BRDA:212,19,1,1
BRDA:214,20,0,1
BRDA:226,21,0,1
BRDA:236,22,0,1
BRDA:240,23,0,1
BRDA:265,24,0,1
BRDA:270,25,0,1
BRDA:274,26,0,1
BRDA:285,27,0,1
BRDA:301,28,0,1
BRDA:318,29,0,1
BRDA:318,30,0,6
BRDA:318,30,1,6
BRDA:318,30,2,6
BRDA:323,31,0,2
BRDA:323,31,1,8
BRDA:330,32,0,1
BRDA:338,33,0,1
BRDA:338,34,0,4
BRDA:338,34,1,2
BRDA:350,35,0,1
BRDA:350,35,1,1
BRDA:364,36,0,1
BRDA:370,37,0,1
BRDA:387,38,0,1
BRDA:390,39,0,2
BRDA:390,39,1,1
BRF:52
BRH:51
end_of_record
