TN:
SF:src/app.controller.ts
FN:5,(anonymous_2)
FN:8,(anonymous_3)
FNF:2
FNH:2
FNDA:1,(anonymous_2)
FNDA:1,(anonymous_3)
DA:1,1
DA:4,1
DA:8,1
DA:9,1
LF:4
LH:4
BRF:0
BRH:0
end_of_record
TN:
SF:src/base-service/base-controller.controller.ts
FN:12,(anonymous_4)
FN:16,(anonymous_5)
FN:22,(anonymous_6)
FN:28,(anonymous_7)
FN:44,(anonymous_8)
FN:50,(anonymous_9)
FN:57,(anonymous_10)
FN:62,(anonymous_11)
FNF:8
FNH:8
FNDA:127,(anonymous_4)
FNDA:1,(anonymous_5)
FNDA:2,(anonymous_6)
FNDA:1,(anonymous_7)
FNDA:1,(anonymous_8)
FNDA:1,(anonymous_9)
FNDA:1,(anonymous_10)
FNDA:1,(anonymous_11)
DA:2,17
DA:9,17
DA:11,17
DA:12,127
DA:16,17
DA:17,1
DA:22,17
DA:23,2
DA:28,17
DA:33,1
DA:34,1
DA:35,1
DA:44,17
DA:45,1
DA:50,17
DA:51,1
DA:57,17
DA:58,1
DA:62,17
DA:63,1
LF:20
LH:20
BRDA:30,0,0,0
BRDA:31,1,0,0
BRDA:33,2,0,1
BRDA:33,2,1,0
BRF:4
BRH:1
end_of_record
TN:
SF:src/base-service/base-service.service.ts
FN:17,(anonymous_0)
FN:19,(anonymous_1)
FN:23,(anonymous_2)
FN:28,(anonymous_3)
FN:32,(anonymous_4)
FN:40,(anonymous_5)
FN:45,(anonymous_6)
FN:54,(anonymous_7)
FNF:8
FNH:8
FNDA:250,(anonymous_0)
FNDA:1,(anonymous_1)
FNDA:1,(anonymous_2)
FNDA:1,(anonymous_3)
FNDA:2,(anonymous_4)
FNDA:1,(anonymous_5)
FNDA:2,(anonymous_6)
FNDA:1,(anonymous_7)
DA:11,37
DA:13,37
DA:14,250
DA:15,250
DA:17,250
DA:20,1
DA:21,1
DA:24,1
DA:25,1
DA:29,1
DA:33,2
DA:34,2
DA:35,1
DA:37,1
DA:38,1
DA:41,1
DA:47,2
DA:48,2
DA:49,1
DA:51,1
DA:52,1
DA:55,1
DA:56,1
DA:58,1
LF:24
LH:24
BRDA:19,0,0,0
BRDA:23,1,0,0
BRDA:34,2,0,1
BRDA:48,3,0,1
BRF:4
BRH:2
end_of_record
TN:
SF:src/jwt/jwt.exception.filter.ts
FN:13,(anonymous_1)
FNF:1
FNH:1
FNDA:4,(anonymous_1)
DA:4,1
DA:6,1
DA:12,1
DA:14,4
DA:15,4
DA:17,4
DA:18,1
DA:21,3
DA:22,1
DA:25,2
DA:26,1
DA:31,1
LF:12
LH:12
BRDA:17,0,0,1
BRDA:21,1,0,1
BRDA:25,2,0,1
BRDA:26,3,0,1
BRDA:26,3,1,0
BRF:5
BRH:4
end_of_record
TN:
SF:src/jwt/jwt.service.ts
FN:6,(anonymous_1)
FN:18,(anonymous_2)
FN:24,(anonymous_3)
FN:40,(anonymous_4)
FNF:4
FNH:4
FNDA:6,(anonymous_1)
FNDA:6,(anonymous_2)
FNDA:3,(anonymous_3)
FNDA:7,(anonymous_4)
DA:1,20
DA:2,20
DA:3,20
DA:6,20
DA:8,6
DA:19,6
DA:22,6
DA:25,3
DA:26,3
DA:27,2
DA:28,2
DA:35,1
DA:41,7
DA:42,7
DA:43,5
DA:44,1
DA:46,4
DA:48,3
LF:18
LH:18
BRDA:18,0,0,3
BRDA:30,1,0,1
BRDA:30,1,1,1
BRDA:40,2,0,4
BRDA:43,3,0,1
BRF:5
BRH:5
end_of_record
TN:
SF:src/middlewares/auth.middleware.ts
FN:15,(anonymous_2)
FN:21,(anonymous_3)
FNF:2
FNH:2
FNDA:6,(anonymous_2)
FNDA:6,(anonymous_3)
DA:1,18
DA:7,18
DA:8,18
DA:10,18
DA:11,18
DA:14,18
DA:16,6
DA:17,6
DA:18,6
DA:22,6
DA:26,6
DA:27,1
DA:29,5
DA:30,5
DA:31,5
DA:32,1
DA:34,4
DA:35,4
DA:36,4
DA:37,4
DA:38,1
DA:41,3
DA:42,1
DA:45,2
DA:46,1
DA:48,1
DA:49,1
LF:27
LH:27
BRDA:26,0,0,1
BRDA:31,1,0,1
BRDA:31,2,0,5
BRDA:31,2,1,4
BRDA:37,3,0,1
BRDA:41,4,0,1
BRDA:45,5,0,1
BRDA:45,6,0,2
BRDA:45,6,1,2
BRF:9
BRH:9
end_of_record
TN:
SF:src/middlewares/permission.middleware.ts
FN:15,(anonymous_2)
FN:17,(anonymous_3)
FN:41,(anonymous_4)
FNF:3
FNH:3
FNDA:6,(anonymous_2)
FNDA:6,(anonymous_3)
FNDA:2,(anonymous_4)
DA:1,15
DA:8,15
DA:9,15
DA:10,15
DA:14,15
DA:15,6
DA:18,6
DA:19,6
DA:21,6
DA:22,1
DA:25,5
DA:26,5
DA:27,5
DA:28,1
DA:31,4
DA:32,1
DA:36,3
DA:37,1
DA:41,2
DA:42,2
DA:44,2
DA:45,1
DA:47,1
LF:23
LH:23
BRDA:21,0,0,1
BRDA:21,1,0,6
BRDA:21,1,1,5
BRDA:27,2,0,1
BRDA:31,3,0,1
BRDA:36,4,0,1
BRDA:41,5,0,2
BRDA:41,5,1,0
BRDA:44,6,0,1
BRF:9
BRH:8
end_of_record
TN:
SF:src/resource/categorias/categorias.controller.ts
FN:16,(anonymous_4)
FN:21,(anonymous_5)
FN:34,(anonymous_6)
FN:40,(anonymous_7)
FN:46,(anonymous_8)
FN:58,(anonymous_9)
FN:75,(anonymous_10)
FN:91,(anonymous_11)
FN:107,(anonymous_12)
FNF:9
FNH:9
FNDA:16,(anonymous_4)
FNDA:2,(anonymous_5)
FNDA:1,(anonymous_6)
FNDA:1,(anonymous_7)
FNDA:2,(anonymous_8)
FNDA:3,(anonymous_9)
FNDA:2,(anonymous_10)
FNDA:2,(anonymous_11)
FNDA:2,(anonymous_12)
DA:1,1
DA:2,1
DA:3,1
DA:5,1
DA:6,1
DA:7,1
DA:9,1
DA:10,1
DA:15,1
DA:16,16
DA:17,16
DA:21,1
DA:22,2
DA:25,2
DA:26,1
DA:30,1
DA:34,1
DA:35,1
DA:40,1
DA:41,1
DA:46,1
DA:47,2
DA:49,2
DA:50,1
DA:53,2
DA:58,1
DA:59,3
DA:61,3
DA:62,2
DA:63,2
DA:64,1
DA:67,1
DA:70,2
DA:75,1
DA:76,2
DA:78,2
DA:79,2
DA:80,2
DA:81,1
DA:85,1
DA:86,1
DA:91,1
DA:92,2
DA:93,2
DA:95,2
DA:96,2
DA:97,1
DA:99,1
DA:100,1
DA:107,1
DA:108,2
DA:109,2
DA:111,2
DA:112,2
DA:118,2
DA:119,2
DA:124,0
DA:125,0
LF:58
LH:56
BRDA:25,0,0,1
BRDA:49,1,0,1
BRDA:61,2,0,2
BRDA:63,3,0,1
BRDA:78,4,0,2
BRDA:80,5,0,1
BRDA:118,6,0,1
BRDA:118,6,1,1
BRF:8
BRH:8
end_of_record
TN:
SF:src/resource/categorias/categorias.service.ts
FN:15,(anonymous_4)
FN:25,(anonymous_5)
FN:35,(anonymous_6)
FN:45,(anonymous_7)
FN:60,(anonymous_8)
FN:89,(anonymous_9)
FN:106,(anonymous_10)
FN:124,(anonymous_11)
FN:147,(anonymous_12)
FN:158,(anonymous_13)
FN:166,(anonymous_14)
FN:186,(anonymous_15)
FN:195,(anonymous_16)
FN:215,(anonymous_17)
FN:249,(anonymous_18)
FN:263,(anonymous_19)
FNF:16
FNH:13
FNDA:20,(anonymous_4)
FNDA:1,(anonymous_5)
FNDA:1,(anonymous_6)
FNDA:2,(anonymous_7)
FNDA:3,(anonymous_8)
FNDA:7,(anonymous_9)
FNDA:2,(anonymous_10)
FNDA:2,(anonymous_11)
FNDA:0,(anonymous_12)
FNDA:2,(anonymous_13)
FNDA:0,(anonymous_14)
FNDA:2,(anonymous_15)
FNDA:0,(anonymous_16)
FNDA:2,(anonymous_17)
FNDA:2,(anonymous_18)
FNDA:2,(anonymous_19)
DA:1,2
DA:2,2
DA:3,2
DA:4,2
DA:5,2
DA:6,2
DA:9,2
DA:10,20
DA:11,20
DA:17,20
DA:19,20
DA:21,20
DA:26,1
DA:36,1
DA:47,2
DA:48,2
DA:49,2
DA:50,1
DA:54,1
DA:55,1
DA:56,1
DA:62,3
DA:63,2
DA:64,0
DA:68,2
DA:69,2
DA:75,2
DA:76,1
DA:81,1
DA:84,1
DA:85,1
DA:90,7
DA:98,7
DA:99,2
DA:102,5
DA:108,2
DA:112,2
DA:113,0
DA:117,2
DA:118,2
DA:119,1
DA:126,2
DA:127,2
DA:135,2
DA:136,1
DA:141,1
DA:146,1
DA:147,0
DA:148,0
DA:154,1
DA:159,2
DA:160,2
DA:161,1
DA:168,0
DA:169,0
DA:177,0
DA:178,0
DA:182,0
DA:187,2
DA:188,2
DA:189,1
DA:191,1
DA:197,0
DA:198,0
DA:206,0
DA:207,0
DA:211,0
DA:221,2
DA:222,2
DA:230,2
DA:231,1
DA:236,1
DA:242,1
DA:251,2
DA:255,2
DA:256,2
DA:259,2
DA:264,2
DA:269,2
DA:270,2
DA:273,2
LF:81
LH:67
BRDA:47,0,0,2
BRDA:47,1,0,2
BRDA:47,1,1,2
BRDA:49,2,0,1
BRDA:63,3,0,0
BRDA:68,4,0,2
BRDA:68,5,0,2
BRDA:68,5,1,2
BRDA:75,6,0,1
BRDA:98,7,0,2
BRDA:112,8,0,0
BRDA:118,9,0,1
BRDA:126,10,0,2
BRDA:135,11,0,1
BRDA:146,12,0,0
BRDA:160,13,0,1
BRDA:168,14,0,0
BRDA:177,15,0,0
BRDA:188,16,0,1
BRDA:197,17,0,0
BRDA:206,18,0,0
BRDA:221,19,0,2
BRDA:230,20,0,1
BRDA:255,21,0,2
BRDA:269,22,0,2
BRF:25
BRH:18
end_of_record
TN:
SF:src/resource/compras/compras.controller.ts
FN:17,(anonymous_4)
FN:21,(anonymous_5)
FN:40,(anonymous_6)
FN:59,(anonymous_7)
FN:65,(anonymous_8)
FN:76,(anonymous_9)
FN:105,(anonymous_10)
FN:142,(anonymous_11)
FN:176,(anonymous_12)
FNF:9
FNH:0
FNDA:0,(anonymous_4)
FNDA:0,(anonymous_5)
FNDA:0,(anonymous_6)
FNDA:0,(anonymous_7)
FNDA:0,(anonymous_8)
FNDA:0,(anonymous_9)
FNDA:0,(anonymous_10)
FNDA:0,(anonymous_11)
FNDA:0,(anonymous_12)
DA:1,0
DA:2,0
DA:3,0
DA:4,0
DA:5,0
DA:6,0
DA:8,0
DA:9,0
DA:10,0
DA:16,0
DA:17,0
DA:21,0
DA:22,0
DA:25,0
DA:26,0
DA:30,0
DA:31,0
DA:35,0
DA:40,0
DA:41,0
DA:44,0
DA:45,0
DA:49,0
DA:50,0
DA:54,0
DA:59,0
DA:60,0
DA:65,0
DA:67,0
DA:68,0
DA:71,0
DA:76,0
DA:81,0
DA:84,0
DA:86,0
DA:87,0
DA:91,0
DA:93,0
DA:95,0
DA:96,0
DA:100,0
DA:105,0
DA:110,0
DA:113,0
DA:114,0
DA:118,0
DA:120,0
DA:121,0
DA:125,0
DA:127,0
DA:132,0
DA:133,0
DA:137,0
DA:142,0
DA:143,0
DA:145,0
DA:147,0
DA:148,0
DA:150,0
DA:151,0
DA:154,0
DA:155,0
DA:159,0
DA:161,0
DA:162,0
DA:166,0
DA:167,0
DA:169,0
DA:170,0
DA:176,0
DA:177,0
DA:178,0
DA:180,0
DA:181,0
DA:185,0
DA:187,0
LF:76
LH:0
BRDA:25,0,0,0
BRDA:30,1,0,0
BRDA:44,2,0,0
BRDA:49,3,0,0
BRDA:49,4,0,0
BRDA:49,4,1,0
BRDA:67,5,0,0
BRDA:86,6,0,0
BRDA:91,7,0,0
BRDA:95,8,0,0
BRDA:95,9,0,0
BRDA:95,9,1,0
BRDA:95,9,2,0
BRDA:113,10,0,0
BRDA:120,11,0,0
BRDA:125,12,0,0
BRDA:132,13,0,0
BRDA:132,14,0,0
BRDA:132,14,1,0
BRDA:132,14,2,0
BRDA:147,15,0,0
BRDA:150,16,0,0
BRDA:154,17,0,0
BRDA:161,18,0,0
BRDA:161,19,0,0
BRDA:161,19,1,0
BRF:26
BRH:0
end_of_record
TN:
SF:src/resource/compras/compras.service.ts
FN:32,(anonymous_4)
FN:53,(anonymous_5)
FN:60,(anonymous_6)
FN:72,(anonymous_7)
FN:78,(anonymous_8)
FN:86,(anonymous_9)
FN:133,(anonymous_10)
FN:141,(anonymous_11)
FN:148,(anonymous_12)
FN:157,(anonymous_13)
FN:205,(anonymous_14)
FN:206,(anonymous_15)
FN:216,(anonymous_16)
FN:318,(anonymous_17)
FN:414,(anonymous_18)
FN:422,(anonymous_19)
FN:430,(anonymous_20)
FN:438,(anonymous_21)
FN:486,(anonymous_22)
FN:533,(anonymous_23)
FN:539,(anonymous_24)
FN:546,(anonymous_25)
FN:547,(anonymous_26)
FN:584,(anonymous_27)
FN:590,(anonymous_28)
FN:597,(anonymous_29)
FN:598,(anonymous_30)
FN:678,(anonymous_31)
FN:786,(anonymous_32)
FN:800,(anonymous_33)
FN:844,(anonymous_34)
FN:845,(anonymous_35)
FN:853,(anonymous_36)
FN:860,(anonymous_37)
FN:861,(anonymous_38)
FN:907,(anonymous_39)
FN:913,(anonymous_40)
FNF:37
FNH:11
FNDA:15,(anonymous_4)
FNDA:2,(anonymous_5)
FNDA:2,(anonymous_6)
FNDA:2,(anonymous_7)
FNDA:2,(anonymous_8)
FNDA:0,(anonymous_9)
FNDA:0,(anonymous_10)
FNDA:0,(anonymous_11)
FNDA:0,(anonymous_12)
FNDA:0,(anonymous_13)
FNDA:0,(anonymous_14)
FNDA:0,(anonymous_15)
FNDA:0,(anonymous_16)
FNDA:0,(anonymous_17)
FNDA:3,(anonymous_18)
FNDA:1,(anonymous_19)
FNDA:1,(anonymous_20)
FNDA:4,(anonymous_21)
FNDA:0,(anonymous_22)
FNDA:0,(anonymous_23)
FNDA:0,(anonymous_24)
FNDA:0,(anonymous_25)
FNDA:0,(anonymous_26)
FNDA:0,(anonymous_27)
FNDA:0,(anonymous_28)
FNDA:0,(anonymous_29)
FNDA:0,(anonymous_30)
FNDA:0,(anonymous_31)
FNDA:0,(anonymous_32)
FNDA:0,(anonymous_33)
FNDA:0,(anonymous_34)
FNDA:0,(anonymous_35)
FNDA:0,(anonymous_36)
FNDA:0,(anonymous_37)
FNDA:0,(anonymous_38)
FNDA:1,(anonymous_39)
FNDA:1,(anonymous_40)
DA:1,1
DA:3,1
DA:4,1
DA:5,1
DA:6,1
DA:7,1
DA:8,1
DA:10,1
DA:11,1
DA:12,1
DA:13,1
DA:14,1
DA:15,1
DA:16,1
DA:17,1
DA:18,1
DA:19,1
DA:20,1
DA:21,1
DA:22,1
DA:25,1
DA:28,1
DA:29,15
DA:30,15
DA:34,15
DA:36,15
DA:38,15
DA:40,15
DA:41,15
DA:42,15
DA:43,15
DA:44,15
DA:45,15
DA:46,15
DA:47,15
DA:49,15
DA:54,2
DA:62,2
DA:67,2
DA:68,1
DA:72,2
DA:74,1
DA:79,2
DA:88,0
DA:89,0
DA:90,0
DA:94,0
DA:96,0
DA:100,0
DA:101,0
DA:105,0
DA:108,0
DA:113,0
DA:125,0
DA:126,0
DA:129,0
DA:131,0
DA:133,0
DA:134,0
DA:141,0
DA:143,0
DA:147,0
DA:148,0
DA:149,0
DA:150,0
DA:152,0
DA:153,0
DA:156,0
DA:157,0
DA:159,0
DA:162,0
DA:176,0
DA:177,0
DA:178,0
DA:182,0
DA:191,0
DA:192,0
DA:198,0
DA:204,0
DA:205,0
DA:206,0
DA:208,0
DA:210,0
DA:211,0
DA:216,0
DA:217,0
DA:222,0
DA:224,0
DA:229,0
DA:231,0
DA:233,0
DA:234,0
DA:237,0
DA:240,0
DA:248,0
DA:249,0
DA:254,0
DA:255,0
DA:257,0
DA:259,0
DA:260,0
DA:263,0
DA:264,0
DA:265,0
DA:267,0
DA:269,0
DA:277,0
DA:278,0
DA:283,0
DA:285,0
DA:288,0
DA:291,0
DA:301,0
DA:304,0
DA:313,0
DA:317,0
DA:318,0
DA:319,0
DA:323,0
DA:326,0
DA:327,0
DA:328,0
DA:329,0
DA:331,0
DA:334,0
DA:336,0
DA:337,0
DA:341,0
DA:351,0
DA:355,0
DA:357,0
DA:364,0
DA:367,0
DA:373,0
DA:374,0
DA:375,0
DA:377,0
DA:383,0
DA:389,0
DA:393,0
DA:394,0
DA:397,0
DA:398,0
DA:400,0
DA:403,0
DA:408,0
DA:415,3
DA:423,1
DA:431,1
DA:439,4
DA:441,4
DA:446,4
DA:447,1
DA:451,3
DA:452,1
DA:456,2
DA:457,1
DA:461,1
DA:469,1
DA:475,1
DA:477,3
DA:478,3
DA:479,3
DA:481,0
DA:487,0
DA:489,0
DA:494,0
DA:495,0
DA:499,0
DA:500,0
DA:504,0
DA:506,0
DA:507,0
DA:512,0
DA:513,0
DA:518,0
DA:520,0
DA:521,0
DA:533,0
DA:534,0
DA:539,0
DA:540,0
DA:546,0
DA:547,0
DA:549,0
DA:551,0
DA:553,0
DA:554,0
DA:556,0
DA:558,0
DA:559,0
DA:563,0
DA:575,0
DA:584,0
DA:585,0
DA:590,0
DA:591,0
DA:597,0
DA:598,0
DA:600,0
DA:602,0
DA:608,0
DA:610,0
DA:611,0
DA:613,0
DA:616,0
DA:629,0
DA:631,0
DA:632,0
DA:634,0
DA:635,0
DA:637,0
DA:638,0
DA:640,0
DA:641,0
DA:645,0
DA:646,0
DA:650,0
DA:652,0
DA:655,0
DA:656,0
DA:657,0
DA:667,0
DA:669,0
DA:670,0
DA:671,0
DA:673,0
DA:679,0
DA:681,0
DA:686,0
DA:687,0
DA:692,0
DA:693,0
DA:694,0
DA:699,0
DA:700,0
DA:705,0
DA:707,0
DA:708,0
DA:721,0
DA:722,0
DA:724,0
DA:729,0
DA:730,0
DA:735,0
DA:736,0
DA:750,0
DA:751,0
DA:753,0
DA:761,0
DA:762,0
DA:769,0
DA:777,0
DA:778,0
DA:779,0
DA:781,0
DA:788,0
DA:794,0
DA:795,0
DA:799,0
DA:800,0
DA:801,0
DA:802,0
DA:807,0
DA:808,0
DA:813,0
DA:814,0
DA:815,0
DA:816,0
DA:821,0
DA:822,0
DA:827,0
DA:829,0
DA:830,0
DA:844,0
DA:845,0
DA:848,0
DA:853,0
DA:854,0
DA:860,0
DA:861,0
DA:864,0
DA:865,0
DA:866,0
DA:868,0
DA:870,0
DA:871,0
DA:873,0
DA:874,0
DA:889,0
DA:897,0
DA:908,1
DA:909,1
DA:914,1
LF:294
LH:63
BRDA:67,0,0,1
BRDA:100,1,0,0
BRDA:118,2,0,0
BRDA:118,2,1,0
BRDA:119,3,0,0
BRDA:119,3,1,0
BRDA:131,4,0,0
BRDA:131,5,0,0
BRDA:131,5,1,0
BRDA:147,6,0,0
BRDA:147,6,1,0
BRDA:149,7,0,0
BRDA:159,8,0,0
BRDA:159,8,1,0
BRDA:191,9,0,0
BRDA:210,10,0,0
BRDA:229,11,0,0
BRDA:229,11,1,0
BRDA:233,12,0,0
BRDA:248,13,0,0
BRDA:255,14,0,0
BRDA:255,14,1,0
BRDA:259,15,0,0
BRDA:265,16,0,0
BRDA:265,16,1,0
BRDA:277,17,0,0
BRDA:296,18,0,0
BRDA:296,18,1,0
BRDA:297,19,0,0
BRDA:297,19,1,0
BRDA:326,20,0,0
BRDA:326,20,1,0
BRDA:328,21,0,0
BRDA:328,21,1,0
BRDA:336,22,0,0
BRDA:355,23,0,0
BRDA:373,24,0,0
BRDA:373,25,0,0
BRDA:373,25,1,0
BRDA:375,26,0,0
BRDA:375,27,0,0
BRDA:375,27,1,0
BRDA:397,28,0,0
BRDA:397,29,0,0
BRDA:397,29,1,0
BRDA:446,30,0,1
BRDA:451,31,0,1
BRDA:456,32,0,1
BRDA:478,33,0,3
BRDA:478,34,0,3
BRDA:478,34,1,1
BRDA:494,35,0,0
BRDA:499,36,0,0
BRDA:504,37,0,0
BRDA:504,38,0,0
BRDA:504,38,1,0
BRDA:512,39,0,0
BRDA:518,40,0,0
BRDA:520,41,0,0
BRDA:553,42,0,0
BRDA:556,43,0,0
BRDA:610,44,0,0
BRDA:613,45,0,0
BRDA:631,46,0,0
BRDA:634,47,0,0
BRDA:637,48,0,0
BRDA:640,49,0,0
BRDA:645,50,0,0
BRDA:650,51,0,0
BRDA:655,52,0,0
BRDA:670,53,0,0
BRDA:670,54,0,0
BRDA:670,54,1,0
BRDA:686,55,0,0
BRDA:692,56,0,0
BRDA:692,57,0,0
BRDA:692,57,1,0
BRDA:699,58,0,0
BRDA:705,59,0,0
BRDA:707,60,0,0
BRDA:721,61,0,0
BRDA:721,62,0,0
BRDA:721,62,1,0
BRDA:729,63,0,0
BRDA:735,64,0,0
BRDA:750,65,0,0
BRDA:750,66,0,0
BRDA:750,66,1,0
BRDA:778,67,0,0
BRDA:794,68,0,0
BRDA:799,69,0,0
BRDA:801,70,0,0
BRDA:807,71,0,0
BRDA:814,72,0,0
BRDA:814,73,0,0
BRDA:814,73,1,0
BRDA:821,74,0,0
BRDA:827,75,0,0
BRDA:829,76,0,0
BRDA:845,77,0,0
BRDA:845,77,1,0
BRDA:865,78,0,0
BRDA:865,79,0,0
BRDA:865,79,1,0
BRDA:870,80,0,0
BRDA:873,81,0,0
BRF:106
BRH:7
end_of_record
TN:
SF:src/resource/contactos/clientes.controller.ts
FN:17,(anonymous_4)
FN:25,(anonymous_5)
FN:41,(anonymous_6)
FN:49,(anonymous_7)
FN:56,(anonymous_8)
FN:63,(anonymous_9)
FNF:6
FNH:6
FNDA:7,(anonymous_4)
FNDA:2,(anonymous_5)
FNDA:2,(anonymous_6)
FNDA:1,(anonymous_7)
FNDA:1,(anonymous_8)
FNDA:1,(anonymous_9)
DA:1,1
DA:2,1
DA:3,1
DA:5,1
DA:6,1
DA:7,1
DA:8,1
DA:9,1
DA:10,1
DA:16,1
DA:18,7
DA:20,7
DA:25,1
DA:26,2
DA:27,2
DA:28,2
DA:29,2
DA:31,2
DA:32,1
DA:34,1
DA:35,1
DA:41,1
DA:42,2
DA:43,2
DA:44,2
DA:49,1
DA:50,1
DA:51,1
DA:56,1
DA:57,1
DA:58,1
DA:63,1
DA:64,1
LF:33
LH:33
BRDA:42,0,0,2
BRDA:42,0,1,1
BRDA:43,1,0,2
BRDA:43,1,1,1
BRF:4
BRH:4
end_of_record
TN:
SF:src/resource/contactos/contactos.service.ts
FN:10,(anonymous_4)
FN:19,(anonymous_5)
FN:35,(anonymous_6)
FN:70,(anonymous_7)
FN:148,(anonymous_8)
FN:152,(anonymous_9)
FN:152,(anonymous_10)
FN:153,(anonymous_11)
FN:178,(anonymous_12)
FN:187,(anonymous_13)
FNF:10
FNH:9
FNDA:19,(anonymous_4)
FNDA:2,(anonymous_5)
FNDA:4,(anonymous_6)
FNDA:8,(anonymous_7)
FNDA:3,(anonymous_8)
FNDA:3,(anonymous_9)
FNDA:2,(anonymous_10)
FNDA:3,(anonymous_11)
FNDA:3,(anonymous_12)
FNDA:0,(anonymous_13)
DA:1,20
DA:2,20
DA:3,20
DA:4,20
DA:5,20
DA:6,20
DA:9,20
DA:12,19
DA:14,19
DA:16,19
DA:20,2
DA:28,2
DA:29,1
DA:32,2
DA:36,4
DA:38,4
DA:39,1
DA:42,3
DA:43,2
DA:50,2
DA:51,1
DA:55,2
DA:57,3
DA:58,2
DA:62,1
DA:63,1
DA:66,0
DA:71,8
DA:72,8
DA:76,8
DA:79,7
DA:80,3
DA:81,3
DA:84,3
DA:85,1
DA:89,2
DA:91,2
DA:98,2
DA:99,1
DA:105,5
DA:106,2
DA:109,1
DA:111,1
DA:114,1
DA:118,3
DA:119,3
DA:120,1
DA:121,1
DA:122,1
DA:125,2
DA:126,2
DA:127,2
DA:130,1
DA:135,7
DA:136,6
DA:140,1
DA:141,1
DA:144,0
DA:150,3
DA:151,2
DA:152,3
DA:153,3
DA:155,2
DA:156,1
DA:159,2
DA:160,2
DA:161,1
DA:165,1
DA:170,0
DA:174,1
DA:175,1
DA:179,3
DA:180,3
DA:181,2
DA:182,1
DA:184,1
DA:185,1
DA:188,0
DA:198,0
DA:199,0
LF:80
LH:74
BRDA:28,0,0,1
BRDA:28,1,0,2
BRDA:28,1,1,1
BRDA:38,2,0,1
BRDA:38,3,0,4
BRDA:38,3,1,3
BRDA:42,4,0,2
BRDA:42,5,0,3
BRDA:42,5,1,2
BRDA:42,5,2,2
BRDA:50,6,0,1
BRDA:57,7,0,2
BRDA:62,8,0,1
BRDA:62,9,0,1
BRDA:62,9,1,1
BRDA:76,10,0,1
BRDA:79,11,0,3
BRDA:79,12,0,7
BRDA:79,12,1,5
BRDA:80,13,0,3
BRDA:80,13,1,1
BRDA:81,14,0,3
BRDA:81,14,1,1
BRDA:84,15,0,1
BRDA:84,16,0,3
BRDA:84,16,1,3
BRDA:89,17,0,2
BRDA:89,18,0,2
BRDA:89,18,1,2
BRDA:89,18,2,2
BRDA:89,18,3,2
BRDA:89,18,4,2
BRDA:98,19,0,1
BRDA:98,20,0,2
BRDA:98,20,1,1
BRDA:105,21,0,2
BRDA:106,22,0,1
BRDA:107,23,0,2
BRDA:107,23,1,1
BRDA:111,24,0,1
BRDA:119,25,0,1
BRDA:121,26,0,1
BRDA:135,27,0,6
BRDA:135,28,0,7
BRDA:135,28,1,3
BRDA:140,29,0,1
BRDA:140,30,0,1
BRDA:140,30,1,1
BRDA:150,31,0,2
BRDA:155,32,0,1
BRDA:159,33,0,2
BRDA:159,33,1,0
BRDA:160,34,0,1
BRDA:160,34,1,1
BRDA:162,35,0,0
BRDA:162,35,1,1
BRDA:162,36,0,0
BRDA:162,36,1,1
BRDA:162,37,0,0
BRDA:162,37,1,1
BRDA:166,38,0,0
BRDA:166,38,1,1
BRDA:166,39,0,0
BRDA:166,39,1,1
BRDA:166,40,0,0
BRDA:166,40,1,1
BRDA:166,41,0,0
BRDA:166,41,1,1
BRDA:166,42,0,0
BRDA:166,42,1,1
BRDA:180,43,0,1
BRDA:181,44,0,1
BRF:72
BRH:63
end_of_record
TN:
SF:src/resource/contactos/proveedores.controller.ts
FN:17,(anonymous_4)
FN:25,(anonymous_5)
FN:41,(anonymous_6)
FN:47,(anonymous_7)
FN:55,(anonymous_8)
FN:62,(anonymous_9)
FN:69,(anonymous_10)
FNF:7
FNH:6
FNDA:7,(anonymous_4)
FNDA:2,(anonymous_5)
FNDA:0,(anonymous_6)
FNDA:2,(anonymous_7)
FNDA:1,(anonymous_8)
FNDA:1,(anonymous_9)
FNDA:1,(anonymous_10)
DA:1,1
DA:2,1
DA:3,1
DA:5,1
DA:6,1
DA:7,1
DA:8,1
DA:9,1
DA:10,1
DA:16,1
DA:18,7
DA:20,7
DA:25,1
DA:26,2
DA:27,2
DA:28,2
DA:29,2
DA:31,2
DA:32,1
DA:34,1
DA:35,1
DA:41,1
DA:42,0
DA:47,1
DA:48,2
DA:49,2
DA:50,2
DA:55,1
DA:56,1
DA:57,1
DA:62,1
DA:63,1
DA:64,1
DA:69,1
DA:70,1
LF:35
LH:34
BRDA:48,0,0,2
BRDA:48,0,1,1
BRDA:49,1,0,2
BRDA:49,1,1,2
BRF:4
BRH:4
end_of_record
TN:
SF:src/resource/costo-adicional/costo-adicional.service.ts
FN:10,(anonymous_4)
FN:15,(anonymous_5)
FN:24,(anonymous_6)
FNF:3
FNH:1
FNDA:1,(anonymous_4)
FNDA:0,(anonymous_5)
FNDA:0,(anonymous_6)
DA:1,2
DA:2,2
DA:3,2
DA:5,2
DA:9,2
DA:12,1
DA:16,0
DA:21,0
DA:25,0
LF:9
LH:6
BRF:0
BRH:0
end_of_record
TN:
SF:src/resource/detalle-compra/detalle-compra.controller.ts
FN:12,(anonymous_4)
FN:18,(anonymous_5)
FN:24,(anonymous_6)
FN:30,(anonymous_7)
FN:36,(anonymous_8)
FN:42,(anonymous_9)
FN:48,(anonymous_10)
FN:54,(anonymous_11)
FN:61,(anonymous_12)
FNF:9
FNH:9
FNDA:11,(anonymous_4)
FNDA:1,(anonymous_5)
FNDA:1,(anonymous_6)
FNDA:1,(anonymous_7)
FNDA:1,(anonymous_8)
FNDA:1,(anonymous_9)
FNDA:1,(anonymous_10)
FNDA:1,(anonymous_11)
FNDA:3,(anonymous_12)
DA:1,1
DA:2,1
DA:3,1
DA:4,1
DA:5,1
DA:6,1
DA:11,1
DA:12,11
DA:13,11
DA:18,1
DA:19,1
DA:24,1
DA:25,1
DA:30,1
DA:31,1
DA:36,1
DA:37,1
DA:42,1
DA:43,1
DA:48,1
DA:49,1
DA:54,1
DA:55,1
DA:56,1
DA:61,1
DA:62,3
DA:63,3
DA:64,2
DA:66,1
DA:67,1
LF:30
LH:30
BRDA:63,0,0,2
BRDA:63,1,0,3
BRDA:63,1,1,2
BRF:3
BRH:3
end_of_record
TN:
SF:src/resource/detalle-compra/detalle-compra.service.ts
FN:19,(anonymous_4)
FN:31,(anonymous_5)
FN:41,(anonymous_6)
FN:52,(anonymous_7)
FN:63,(anonymous_8)
FN:155,(anonymous_9)
FN:250,(anonymous_10)
FN:267,(anonymous_11)
FN:275,(anonymous_12)
FN:291,(anonymous_13)
FN:299,(anonymous_14)
FN:315,(anonymous_15)
FN:324,(anonymous_16)
FN:340,(anonymous_17)
FN:347,(anonymous_18)
FN:359,(anonymous_19)
FN:371,(anonymous_20)
FN:388,(anonymous_21)
FN:399,(anonymous_22)
FNF:19
FNH:14
FNDA:24,(anonymous_4)
FNDA:1,(anonymous_5)
FNDA:1,(anonymous_6)
FNDA:1,(anonymous_7)
FNDA:4,(anonymous_8)
FNDA:0,(anonymous_9)
FNDA:2,(anonymous_10)
FNDA:2,(anonymous_11)
FNDA:2,(anonymous_12)
FNDA:2,(anonymous_13)
FNDA:1,(anonymous_14)
FNDA:2,(anonymous_15)
FNDA:0,(anonymous_16)
FNDA:0,(anonymous_17)
FNDA:1,(anonymous_18)
FNDA:1,(anonymous_19)
FNDA:0,(anonymous_20)
FNDA:0,(anonymous_21)
FNDA:5,(anonymous_22)
DA:1,3
DA:4,3
DA:5,3
DA:6,3
DA:7,3
DA:8,3
DA:9,3
DA:13,3
DA:14,24
DA:15,24
DA:21,24
DA:23,24
DA:25,24
DA:27,24
DA:32,1
DA:42,1
DA:53,1
DA:68,4
DA:69,1
DA:73,3
DA:74,3
DA:79,3
DA:80,1
DA:83,2
DA:84,2
DA:87,0
DA:89,0
DA:93,0
DA:94,0
DA:99,0
DA:104,0
DA:105,0
DA:111,0
DA:112,0
DA:115,0
DA:119,2
DA:123,2
DA:124,0
DA:128,2
DA:129,2
DA:131,2
DA:141,2
DA:144,2
DA:145,2
DA:148,2
DA:157,0
DA:162,0
DA:163,0
DA:167,0
DA:172,0
DA:173,0
DA:176,0
DA:180,0
DA:181,0
DA:185,0
DA:188,0
DA:189,0
DA:194,0
DA:197,0
DA:198,0
DA:203,0
DA:207,0
DA:209,0
DA:211,0
DA:216,0
DA:217,0
DA:220,0
DA:224,0
DA:225,0
DA:229,0
DA:230,0
DA:233,0
DA:234,0
DA:235,0
DA:237,0
DA:240,0
DA:241,0
DA:245,0
DA:246,0
DA:251,2
DA:259,2
DA:260,1
DA:263,1
DA:268,2
DA:269,2
DA:270,1
DA:276,2
DA:283,2
DA:284,1
DA:287,1
DA:292,2
DA:293,2
DA:294,1
DA:300,1
DA:307,1
DA:308,0
DA:311,1
DA:316,2
DA:317,2
DA:318,1
DA:320,1
DA:325,0
DA:332,0
DA:333,0
DA:336,0
DA:341,0
DA:348,1
DA:355,1
DA:360,1
DA:367,1
DA:372,0
DA:389,0
DA:400,5
DA:401,2
DA:403,3
DA:404,2
DA:406,1
LF:117
LH:64
BRDA:68,0,0,1
BRDA:68,1,0,4
BRDA:68,1,1,1
BRDA:73,2,0,3
BRDA:73,2,1,0
BRDA:79,3,0,1
BRDA:87,4,0,0
BRDA:87,4,1,0
BRDA:93,5,0,0
BRDA:104,6,0,0
BRDA:123,7,0,0
BRDA:128,8,0,2
BRDA:128,8,1,2
BRDA:129,9,0,2
BRDA:129,9,1,2
BRDA:162,10,0,0
BRDA:172,11,0,0
BRDA:180,12,0,0
BRDA:188,13,0,0
BRDA:188,14,0,0
BRDA:188,14,1,0
BRDA:197,15,0,0
BRDA:209,16,0,0
BRDA:209,17,0,0
BRDA:209,17,1,0
BRDA:216,18,0,0
BRDA:224,19,0,0
BRDA:233,20,0,0
BRDA:233,20,1,0
BRDA:240,21,0,0
BRDA:259,22,0,1
BRDA:269,23,0,1
BRDA:283,24,0,1
BRDA:293,25,0,1
BRDA:307,26,0,0
BRDA:317,27,0,1
BRDA:332,28,0,0
BRDA:355,29,0,1
BRDA:355,29,1,1
BRDA:367,30,0,1
BRDA:367,30,1,1
BRDA:371,31,0,0
BRDA:400,32,0,2
BRDA:403,33,0,2
BRF:44
BRH:20
end_of_record
TN:
SF:src/resource/detalle-venta/detalle-venta.controller.ts
FN:17,(anonymous_4)
FN:23,(anonymous_5)
FN:29,(anonymous_6)
FN:35,(anonymous_7)
FN:41,(anonymous_8)
FN:47,(anonymous_9)
FN:53,(anonymous_10)
FN:59,(anonymous_11)
FN:66,(anonymous_12)
FNF:9
FNH:9
FNDA:10,(anonymous_4)
FNDA:1,(anonymous_5)
FNDA:1,(anonymous_6)
FNDA:1,(anonymous_7)
FNDA:1,(anonymous_8)
FNDA:1,(anonymous_9)
FNDA:1,(anonymous_10)
FNDA:1,(anonymous_11)
FNDA:2,(anonymous_12)
DA:1,1
DA:2,1
DA:3,1
DA:4,1
DA:5,1
DA:7,1
DA:8,1
DA:9,1
DA:10,1
DA:16,1
DA:17,10
DA:18,10
DA:23,1
DA:24,1
DA:29,1
DA:30,1
DA:35,1
DA:36,1
DA:41,1
DA:42,1
DA:47,1
DA:48,1
DA:53,1
DA:54,1
DA:59,1
DA:60,1
DA:61,1
DA:66,1
DA:67,2
DA:68,2
DA:69,1
DA:71,1
DA:72,1
LF:33
LH:33
BRDA:68,0,0,1
BRDA:68,1,0,2
BRDA:68,1,1,2
BRF:3
BRH:3
end_of_record
TN:
SF:src/resource/detalle-venta/detalle-venta.service.ts
FN:17,(anonymous_4)
FN:27,(anonymous_5)
FN:37,(anonymous_6)
FN:48,(anonymous_7)
FN:59,(anonymous_8)
FN:110,(anonymous_9)
FN:132,(anonymous_10)
FN:149,(anonymous_11)
FN:157,(anonymous_12)
FN:173,(anonymous_13)
FN:181,(anonymous_14)
FN:197,(anonymous_15)
FN:206,(anonymous_16)
FN:222,(anonymous_17)
FN:229,(anonymous_18)
FN:241,(anonymous_19)
FN:253,(anonymous_20)
FN:270,(anonymous_21)
FN:281,(anonymous_22)
FNF:19
FNH:12
FNDA:18,(anonymous_4)
FNDA:1,(anonymous_5)
FNDA:1,(anonymous_6)
FNDA:1,(anonymous_7)
FNDA:3,(anonymous_8)
FNDA:2,(anonymous_9)
FNDA:5,(anonymous_10)
FNDA:2,(anonymous_11)
FNDA:2,(anonymous_12)
FNDA:1,(anonymous_13)
FNDA:1,(anonymous_14)
FNDA:1,(anonymous_15)
FNDA:0,(anonymous_16)
FNDA:0,(anonymous_17)
FNDA:0,(anonymous_18)
FNDA:0,(anonymous_19)
FNDA:0,(anonymous_20)
FNDA:0,(anonymous_21)
FNDA:0,(anonymous_22)
DA:1,3
DA:2,3
DA:3,3
DA:4,3
DA:5,3
DA:6,3
DA:11,3
DA:12,18
DA:13,18
DA:19,18
DA:21,18
DA:23,18
DA:28,1
DA:38,1
DA:49,1
DA:61,3
DA:65,3
DA:66,1
DA:70,2
DA:71,1
DA:77,1
DA:85,1
DA:87,1
DA:90,1
DA:91,1
DA:94,1
DA:97,1
DA:102,1
DA:103,0
DA:106,1
DA:112,2
DA:113,1
DA:114,0
DA:118,1
DA:121,1
DA:122,1
DA:123,0
DA:127,1
DA:128,1
DA:133,5
DA:141,5
DA:142,2
DA:145,3
DA:150,2
DA:151,2
DA:152,1
DA:158,2
DA:165,2
DA:166,1
DA:169,1
DA:174,1
DA:175,1
DA:176,0
DA:182,1
DA:189,1
DA:190,0
DA:193,1
DA:198,1
DA:199,1
DA:200,0
DA:202,1
DA:207,0
DA:214,0
DA:215,0
DA:218,0
DA:223,0
DA:230,0
DA:237,0
DA:242,0
DA:249,0
DA:254,0
DA:271,0
DA:282,0
DA:283,0
DA:285,0
DA:286,0
DA:288,0
LF:77
LH:55
BRDA:65,0,0,1
BRDA:70,1,0,1
BRDA:102,2,0,0
BRDA:113,3,0,0
BRDA:122,4,0,0
BRDA:141,5,0,2
BRDA:151,6,0,1
BRDA:165,7,0,1
BRDA:175,8,0,0
BRDA:189,9,0,0
BRDA:199,10,0,0
BRDA:214,11,0,0
BRDA:237,12,0,0
BRDA:237,12,1,0
BRDA:249,13,0,0
BRDA:249,13,1,0
BRDA:253,14,0,0
BRDA:282,15,0,0
BRDA:285,16,0,0
BRF:19
BRH:5
end_of_record
TN:
SF:src/resource/empresa/empresa.controller.ts
FN:17,(anonymous_4)
FN:23,(anonymous_5)
FN:29,(anonymous_6)
FN:35,(anonymous_7)
FNF:4
FNH:4
FNDA:4,(anonymous_4)
FNDA:1,(anonymous_5)
FNDA:1,(anonymous_6)
FNDA:1,(anonymous_7)
DA:1,1
DA:2,1
DA:3,1
DA:5,1
DA:6,1
DA:7,1
DA:8,1
DA:10,1
DA:16,1
DA:17,4
DA:18,4
DA:23,1
DA:24,1
DA:29,1
DA:30,1
DA:35,1
DA:36,1
LF:17
LH:17
BRF:0
BRH:0
end_of_record
TN:
SF:src/resource/empresa/empresa.service.ts
FN:18,(anonymous_4)
FN:29,(anonymous_5)
FN:46,(anonymous_6)
FN:59,(anonymous_7)
FN:83,(anonymous_8)
FNF:5
FNH:1
FNDA:1,(anonymous_4)
FNDA:0,(anonymous_5)
FNDA:0,(anonymous_6)
FNDA:0,(anonymous_7)
FNDA:0,(anonymous_8)
DA:1,3
DA:2,3
DA:3,3
DA:4,3
DA:5,3
DA:6,3
DA:7,3
DA:13,3
DA:14,1
DA:15,1
DA:20,1
DA:22,1
DA:24,1
DA:26,1
DA:30,0
DA:31,0
DA:32,0
DA:34,0
DA:35,0
DA:36,0
DA:38,0
DA:39,0
DA:40,0
DA:42,0
DA:43,0
DA:47,0
DA:48,0
DA:49,0
DA:51,0
DA:52,0
DA:53,0
DA:55,0
DA:56,0
DA:61,0
DA:62,0
DA:66,0
DA:67,0
DA:68,0
DA:72,0
DA:74,0
DA:76,0
DA:84,0
DA:86,0
DA:87,0
DA:88,0
DA:89,0
DA:108,0
DA:110,0
LF:48
LH:14
BRDA:31,0,0,0
BRDA:35,1,0,0
BRDA:39,2,0,0
BRDA:48,3,0,0
BRDA:52,4,0,0
BRDA:61,5,0,0
BRDA:67,6,0,0
BRF:7
BRH:0
end_of_record
TN:
SF:src/resource/lista-precios/lista-precios.controller.ts
FN:17,(anonymous_4)
FN:23,(anonymous_5)
FN:37,(anonymous_6)
FN:44,(anonymous_7)
FN:50,(anonymous_8)
FN:62,(anonymous_9)
FN:85,(anonymous_10)
FN:105,(anonymous_11)
FN:124,(anonymous_12)
FN:148,(anonymous_13)
FN:169,(anonymous_14)
FN:188,(anonymous_15)
FN:207,(anonymous_16)
FNF:13
FNH:6
FNDA:8,(anonymous_4)
FNDA:2,(anonymous_5)
FNDA:0,(anonymous_6)
FNDA:0,(anonymous_7)
FNDA:1,(anonymous_8)
FNDA:1,(anonymous_9)
FNDA:1,(anonymous_10)
FNDA:2,(anonymous_11)
FNDA:0,(anonymous_12)
FNDA:0,(anonymous_13)
FNDA:0,(anonymous_14)
FNDA:0,(anonymous_15)
FNDA:0,(anonymous_16)
DA:1,1
DA:2,1
DA:3,1
DA:4,1
DA:5,1
DA:6,1
DA:7,1
DA:8,1
DA:10,1
DA:16,1
DA:17,8
DA:18,8
DA:23,1
DA:24,2
DA:27,2
DA:28,1
DA:32,1
DA:37,1
DA:38,0
DA:44,1
DA:45,0
DA:50,1
DA:51,1
DA:53,1
DA:54,0
DA:57,1
DA:62,1
DA:63,1
DA:66,1
DA:67,1
DA:68,0
DA:69,0
DA:71,0
DA:72,0
DA:75,0
DA:76,0
DA:80,0
DA:85,1
DA:89,1
DA:92,1
DA:93,1
DA:94,0
DA:95,0
DA:99,0
DA:100,0
DA:105,1
DA:108,2
DA:109,2
DA:111,2
DA:112,2
DA:116,1
DA:118,1
DA:124,1
DA:125,0
DA:126,0
DA:128,0
DA:129,0
DA:135,0
DA:136,0
DA:143,0
DA:148,1
DA:149,0
DA:153,0
DA:154,0
DA:155,0
DA:156,0
DA:158,0
DA:159,0
DA:164,0
DA:169,1
DA:170,0
DA:173,0
DA:174,0
DA:175,0
DA:176,0
DA:178,0
DA:179,0
DA:183,0
DA:188,1
DA:189,0
DA:192,0
DA:193,0
DA:194,0
DA:195,0
DA:197,0
DA:198,0
DA:202,0
DA:207,1
DA:208,0
DA:211,0
DA:212,0
DA:213,0
DA:214,0
DA:216,0
DA:217,0
DA:221,0
DA:222,0
LF:97
LH:43
BRDA:27,0,0,1
BRDA:53,1,0,0
BRDA:53,2,0,1
BRDA:53,2,1,1
BRDA:66,3,0,1
BRDA:68,4,0,0
BRDA:71,5,0,0
BRDA:75,6,0,0
BRDA:75,7,0,0
BRDA:75,7,1,0
BRDA:92,8,0,1
BRDA:94,9,0,0
BRDA:135,10,0,0
BRDA:135,10,1,0
BRDA:153,11,0,0
BRDA:155,12,0,0
BRDA:158,13,0,0
BRDA:173,14,0,0
BRDA:175,15,0,0
BRDA:178,16,0,0
BRDA:192,17,0,0
BRDA:194,18,0,0
BRDA:197,19,0,0
BRDA:211,20,0,0
BRDA:213,21,0,0
BRDA:216,22,0,0
BRF:26
BRH:5
end_of_record
TN:
SF:src/resource/lista-precios/lista-precios.service.ts
FN:17,generarCodigoPermiso
FN:29,(anonymous_5)
FN:46,(anonymous_6)
FN:53,(anonymous_7)
FN:61,(anonymous_8)
FN:72,(anonymous_9)
FN:99,(anonymous_10)
FN:107,(anonymous_11)
FN:134,(anonymous_12)
FN:155,(anonymous_13)
FN:165,(anonymous_14)
FN:180,(anonymous_15)
FN:188,(anonymous_16)
FN:203,(anonymous_17)
FN:219,(anonymous_18)
FN:239,(anonymous_19)
FN:244,(anonymous_20)
FN:247,(anonymous_21)
FN:256,(anonymous_22)
FN:272,(anonymous_23)
FN:303,(anonymous_24)
FN:344,(anonymous_25)
FNF:22
FNH:9
FNDA:3,generarCodigoPermiso
FNDA:7,(anonymous_5)
FNDA:1,(anonymous_6)
FNDA:1,(anonymous_7)
FNDA:4,(anonymous_8)
FNDA:3,(anonymous_9)
FNDA:1,(anonymous_10)
FNDA:1,(anonymous_11)
FNDA:0,(anonymous_12)
FNDA:0,(anonymous_13)
FNDA:0,(anonymous_14)
FNDA:3,(anonymous_15)
FNDA:0,(anonymous_16)
FNDA:0,(anonymous_17)
FNDA:0,(anonymous_18)
FNDA:0,(anonymous_19)
FNDA:0,(anonymous_20)
FNDA:0,(anonymous_21)
FNDA:0,(anonymous_22)
FNDA:0,(anonymous_23)
FNDA:0,(anonymous_24)
FNDA:0,(anonymous_25)
DA:1,2
DA:4,2
DA:5,2
DA:6,2
DA:7,2
DA:8,2
DA:9,2
DA:12,2
DA:13,2
DA:14,2
DA:19,3
DA:20,3
DA:22,3
DA:25,2
DA:26,7
DA:27,7
DA:31,7
DA:33,7
DA:35,7
DA:37,7
DA:39,7
DA:40,7
DA:42,7
DA:47,1
DA:54,1
DA:62,4
DA:65,4
DA:66,4
DA:68,4
DA:73,3
DA:74,3
DA:76,3
DA:77,3
DA:78,0
DA:80,3
DA:81,3
DA:82,3
DA:83,0
DA:85,3
DA:86,3
DA:87,3
DA:89,3
DA:94,3
DA:97,3
DA:99,1
DA:100,1
DA:103,1
DA:104,0
DA:107,1
DA:108,1
DA:114,1
DA:117,3
DA:118,3
DA:127,0
DA:135,0
DA:137,0
DA:138,0
DA:142,0
DA:145,0
DA:146,0
DA:150,0
DA:152,0
DA:155,0
DA:156,0
DA:160,0
DA:161,0
DA:165,0
DA:166,0
DA:173,0
DA:176,0
DA:181,3
DA:190,0
DA:191,0
DA:192,0
DA:194,0
DA:195,0
DA:196,0
DA:197,0
DA:199,0
DA:205,0
DA:206,0
DA:210,0
DA:211,0
DA:215,0
DA:221,0
DA:222,0
DA:226,0
DA:227,0
DA:231,0
DA:233,0
DA:240,0
DA:241,0
DA:245,0
DA:248,0
DA:252,0
DA:253,0
DA:256,0
DA:274,0
DA:277,0
DA:278,0
DA:281,0
DA:284,0
DA:285,0
DA:288,0
DA:294,0
DA:295,0
DA:298,0
DA:299,0
DA:305,0
DA:308,0
DA:309,0
DA:313,0
DA:317,0
DA:318,0
DA:322,0
DA:329,0
DA:330,0
DA:334,0
DA:340,0
DA:345,0
DA:352,0
DA:353,0
DA:356,0
LF:123
LH:51
BRDA:65,0,0,4
BRDA:77,1,0,0
BRDA:82,2,0,0
BRDA:91,3,0,3
BRDA:91,3,1,2
BRDA:97,4,0,1
BRDA:97,5,0,3
BRDA:97,5,1,3
BRDA:103,6,0,0
BRDA:128,7,0,0
BRDA:128,7,1,0
BRDA:137,8,0,0
BRDA:145,9,0,0
BRDA:150,10,0,0
BRDA:150,11,0,0
BRDA:150,11,1,0
BRDA:160,12,0,0
BRDA:191,13,0,0
BRDA:205,14,0,0
BRDA:210,15,0,0
BRDA:221,16,0,0
BRDA:226,17,0,0
BRDA:252,18,0,0
BRDA:260,19,0,0
BRDA:260,19,1,0
BRDA:262,20,0,0
BRDA:262,20,1,0
BRDA:277,21,0,0
BRDA:284,22,0,0
BRDA:294,23,0,0
BRDA:308,24,0,0
BRDA:317,25,0,0
BRDA:329,26,0,0
BRDA:352,27,0,0
BRF:34
BRH:6
end_of_record
TN:
SF:src/resource/mail-service/mail-service.controller.ts
FN:6,(anonymous_4)
FN:9,(anonymous_5)
FN:16,(anonymous_6)
FNF:3
FNH:3
FNDA:3,(anonymous_4)
FNDA:1,(anonymous_5)
FNDA:1,(anonymous_6)
DA:1,1
DA:2,1
DA:5,1
DA:6,3
DA:9,1
DA:12,1
DA:13,1
DA:16,1
DA:17,1
DA:18,1
LF:10
LH:10
BRF:0
BRH:0
end_of_record
TN:
SF:src/resource/mail-service/mail-service.service.ts
FN:14,(anonymous_4)
FN:17,(anonymous_5)
FN:34,(anonymous_6)
FN:84,(anonymous_7)
FN:99,(anonymous_8)
FNF:5
FNH:5
FNDA:2,(anonymous_4)
FNDA:10,(anonymous_5)
FNDA:4,(anonymous_6)
FNDA:3,(anonymous_7)
FNDA:2,(anonymous_8)
DA:1,21
DA:2,21
DA:3,21
DA:4,21
DA:5,21
DA:6,21
DA:7,21
DA:8,21
DA:9,21
DA:12,21
DA:15,2
DA:19,10
DA:21,10
DA:23,10
DA:36,4
DA:37,4
DA:38,1
DA:42,3
DA:43,3
DA:44,1
DA:47,2
DA:48,2
DA:50,2
DA:51,2
DA:59,2
DA:61,2
DA:62,2
DA:65,1
DA:67,1
DA:75,1
DA:76,1
DA:79,1
DA:80,1
DA:85,3
DA:89,3
DA:90,1
DA:92,2
DA:93,1
DA:95,1
DA:96,1
DA:100,2
DA:102,2
DA:103,2
DA:106,1
DA:108,1
DA:116,1
DA:117,1
DA:120,1
DA:121,1
LF:49
LH:49
BRDA:36,0,0,4
BRDA:36,0,1,0
BRDA:37,1,0,1
BRDA:43,2,0,1
BRDA:89,3,0,1
BRDA:92,4,0,1
BRF:6
BRH:5
end_of_record
TN:
SF:src/resource/marcas/marcas.controller.ts
FN:18,(anonymous_4)
FN:24,(anonymous_5)
FN:38,(anonymous_6)
FN:44,(anonymous_7)
FN:50,(anonymous_8)
FN:62,(anonymous_9)
FN:85,(anonymous_10)
FN:105,(anonymous_11)
FN:120,(anonymous_12)
FNF:9
FNH:7
FNDA:9,(anonymous_4)
FNDA:2,(anonymous_5)
FNDA:0,(anonymous_6)
FNDA:0,(anonymous_7)
FNDA:1,(anonymous_8)
FNDA:2,(anonymous_9)
FNDA:1,(anonymous_10)
FNDA:1,(anonymous_11)
FNDA:1,(anonymous_12)
DA:1,1
DA:2,1
DA:4,1
DA:5,1
DA:6,1
DA:7,1
DA:9,1
DA:10,1
DA:11,1
DA:12,1
DA:17,1
DA:18,9
DA:19,9
DA:24,1
DA:25,2
DA:28,2
DA:29,1
DA:33,1
DA:38,1
DA:39,0
DA:44,1
DA:45,0
DA:50,1
DA:51,1
DA:53,1
DA:54,1
DA:57,1
DA:62,1
DA:63,2
DA:66,2
DA:67,2
DA:68,2
DA:69,0
DA:71,2
DA:72,1
DA:75,1
DA:76,0
DA:80,1
DA:85,1
DA:86,1
DA:89,1
DA:90,1
DA:91,1
DA:92,0
DA:94,1
DA:95,0
DA:99,1
DA:100,1
DA:105,1
DA:106,1
DA:107,1
DA:109,1
DA:110,1
DA:111,1
DA:113,0
DA:120,1
DA:121,1
DA:122,1
DA:124,1
DA:125,1
DA:131,1
DA:132,1
DA:137,0
LF:63
LH:55
BRDA:28,0,0,1
BRDA:53,1,0,1
BRDA:53,2,0,1
BRDA:53,2,1,1
BRDA:66,3,0,2
BRDA:68,4,0,0
BRDA:71,5,0,1
BRDA:75,6,0,0
BRDA:75,7,0,1
BRDA:75,7,1,0
BRDA:89,8,0,1
BRDA:91,9,0,0
BRDA:94,10,0,0
BRDA:113,11,0,0
BRDA:113,11,1,0
BRDA:131,12,0,0
BRDA:131,12,1,1
BRF:17
BRH:9
end_of_record
TN:
SF:src/resource/marcas/marcas.service.ts
FN:15,(anonymous_4)
FN:24,(anonymous_5)
FN:31,(anonymous_6)
FN:38,(anonymous_7)
FN:51,(anonymous_8)
FN:65,(anonymous_9)
FN:82,(anonymous_10)
FN:94,(anonymous_11)
FN:102,(anonymous_12)
FN:126,(anonymous_13)
FN:148,(anonymous_14)
FN:160,(anonymous_15)
FN:183,(anonymous_16)
FN:189,(anonymous_17)
FNF:14
FNH:9
FNDA:12,(anonymous_4)
FNDA:1,(anonymous_5)
FNDA:1,(anonymous_6)
FNDA:0,(anonymous_7)
FNDA:0,(anonymous_8)
FNDA:2,(anonymous_9)
FNDA:2,(anonymous_10)
FNDA:5,(anonymous_11)
FNDA:1,(anonymous_12)
FNDA:2,(anonymous_13)
FNDA:0,(anonymous_14)
FNDA:1,(anonymous_15)
FNDA:0,(anonymous_16)
FNDA:0,(anonymous_17)
DA:1,2
DA:4,2
DA:5,2
DA:6,2
DA:7,2
DA:8,2
DA:11,2
DA:12,12
DA:13,12
DA:17,12
DA:19,12
DA:21,12
DA:25,1
DA:32,1
DA:39,0
DA:43,0
DA:44,0
DA:47,0
DA:52,0
DA:57,0
DA:58,0
DA:61,0
DA:66,2
DA:67,2
DA:72,1
DA:73,1
DA:76,1
DA:77,1
DA:83,2
DA:85,2
DA:86,1
DA:89,1
DA:90,1
DA:95,5
DA:104,1
DA:105,1
DA:106,0
DA:110,1
DA:115,1
DA:116,0
DA:122,1
DA:128,2
DA:129,2
DA:133,2
DA:134,1
DA:141,1
DA:146,1
DA:148,0
DA:149,0
DA:155,1
DA:162,1
DA:163,1
DA:167,1
DA:168,0
DA:173,1
DA:176,1
DA:184,0
DA:185,0
DA:190,0
LF:59
LH:43
BRDA:43,0,0,0
BRDA:57,1,0,0
BRDA:69,2,0,2
BRDA:69,2,1,2
BRDA:85,3,0,1
BRDA:105,4,0,0
BRDA:115,5,0,0
BRDA:128,6,0,2
BRDA:133,7,0,1
BRDA:146,8,0,0
BRDA:162,9,0,1
BRDA:167,10,0,0
BRF:12
BRH:6
end_of_record
TN:
SF:src/resource/movimientos-stock/movimientos-stock.controller.ts
FN:19,(anonymous_4)
FN:25,(anonymous_5)
FN:31,(anonymous_6)
FN:40,(anonymous_7)
FN:49,(anonymous_8)
FN:55,(anonymous_9)
FN:61,(anonymous_10)
FN:91,(anonymous_11)
FNF:8
FNH:6
FNDA:6,(anonymous_4)
FNDA:1,(anonymous_5)
FNDA:2,(anonymous_6)
FNDA:2,(anonymous_7)
FNDA:0,(anonymous_8)
FNDA:0,(anonymous_9)
FNDA:1,(anonymous_10)
FNDA:1,(anonymous_11)
DA:1,1
DA:2,1
DA:4,1
DA:5,1
DA:6,1
DA:7,1
DA:8,1
DA:10,1
DA:11,1
DA:12,1
DA:13,1
DA:18,1
DA:19,6
DA:20,6
DA:25,1
DA:26,1
DA:31,1
DA:32,2
DA:34,2
DA:35,0
DA:38,2
DA:40,2
DA:42,1
DA:45,1
DA:49,1
DA:50,0
DA:55,1
DA:56,0
DA:61,1
DA:66,1
DA:68,1
DA:69,0
DA:73,1
DA:77,1
DA:86,1
DA:91,1
DA:95,1
DA:97,1
DA:98,0
DA:103,1
LF:40
LH:35
BRDA:34,0,0,0
BRDA:38,1,0,1
BRDA:68,2,0,0
BRDA:73,3,0,0
BRDA:73,3,1,1
BRDA:97,4,0,0
BRF:6
BRH:2
end_of_record
TN:
SF:src/resource/movimientos-stock/movimientos-stock.service.ts
FN:14,(anonymous_4)
FN:25,(anonymous_5)
FN:27,(anonymous_6)
FN:110,(anonymous_7)
FN:118,(anonymous_8)
FN:130,(anonymous_9)
FN:136,(anonymous_10)
FN:145,(anonymous_11)
FN:159,(anonymous_12)
FN:184,(anonymous_13)
FN:185,(anonymous_14)
FNF:11
FNH:9
FNDA:11,(anonymous_4)
FNDA:5,(anonymous_5)
FNDA:5,(anonymous_6)
FNDA:1,(anonymous_7)
FNDA:1,(anonymous_8)
FNDA:2,(anonymous_9)
FNDA:1,(anonymous_10)
FNDA:2,(anonymous_11)
FNDA:2,(anonymous_12)
FNDA:0,(anonymous_13)
FNDA:0,(anonymous_14)
DA:1,4
DA:2,4
DA:3,4
DA:4,4
DA:5,4
DA:6,4
DA:7,4
DA:8,4
DA:11,4
DA:12,11
DA:13,11
DA:16,11
DA:18,11
DA:20,11
DA:22,11
DA:27,5
DA:28,5
DA:30,5
DA:35,5
DA:36,1
DA:40,4
DA:41,0
DA:45,4
DA:46,4
DA:48,4
DA:51,2
DA:52,2
DA:55,1
DA:56,1
DA:60,0
DA:61,0
DA:64,1
DA:68,3
DA:71,3
DA:72,1
DA:73,1
DA:79,2
DA:90,2
DA:93,1
DA:94,1
DA:96,1
DA:100,4
DA:101,3
DA:104,1
DA:111,1
DA:120,1
DA:125,1
DA:126,0
DA:130,2
DA:132,1
DA:137,1
DA:146,2
DA:148,2
DA:149,1
DA:151,2
DA:161,2
DA:162,1
DA:167,1
DA:168,0
DA:171,1
DA:172,0
DA:175,1
DA:179,2
DA:185,0
DA:186,0
DA:188,0
DA:193,0
DA:194,0
DA:198,0
DA:199,0
DA:200,0
DA:202,0
DA:207,0
DA:212,0
DA:216,0
DA:220,0
DA:231,0
DA:233,0
DA:236,0
DA:237,0
DA:239,0
DA:240,0
LF:82
LH:57
BRDA:35,0,0,1
BRDA:40,1,0,0
BRDA:40,2,0,4
BRDA:40,2,1,4
BRDA:46,3,0,4
BRDA:46,3,1,1
BRDA:48,4,0,1
BRDA:48,4,1,2
BRDA:48,4,2,1
BRDA:48,4,3,0
BRDA:48,4,4,1
BRDA:71,5,0,1
BRDA:72,6,0,0
BRDA:72,6,1,1
BRDA:74,7,0,0
BRDA:74,7,1,1
BRDA:100,8,0,3
BRDA:125,9,0,0
BRDA:148,10,0,1
BRDA:161,11,0,1
BRDA:167,12,0,0
BRDA:171,13,0,0
BRDA:193,14,0,0
BRDA:198,15,0,0
BRDA:199,16,0,0
BRDA:212,17,0,0
BRDA:212,18,0,0
BRDA:212,18,1,0
BRDA:212,18,2,0
BRDA:212,18,3,0
BRDA:236,19,0,0
BRF:31
BRH:15
end_of_record
TN:
SF:src/resource/pago/pago.controller.ts
FN:17,(anonymous_4)
FN:23,(anonymous_5)
FN:28,(anonymous_6)
FN:38,(anonymous_7)
FN:44,(anonymous_8)
FN:50,(anonymous_9)
FN:56,(anonymous_10)
FN:76,(anonymous_11)
FN:118,(anonymous_12)
FN:135,(anonymous_13)
FNF:10
FNH:7
FNDA:9,(anonymous_4)
FNDA:3,(anonymous_5)
FNDA:0,(anonymous_6)
FNDA:1,(anonymous_7)
FNDA:0,(anonymous_8)
FNDA:0,(anonymous_9)
FNDA:1,(anonymous_10)
FNDA:1,(anonymous_11)
FNDA:1,(anonymous_12)
FNDA:1,(anonymous_13)
DA:1,1
DA:2,1
DA:3,1
DA:4,1
DA:5,1
DA:7,1
DA:8,1
DA:9,1
DA:10,1
DA:16,1
DA:17,9
DA:18,9
DA:23,1
DA:24,3
DA:26,3
DA:28,1
DA:30,0
DA:33,2
DA:38,1
DA:39,1
DA:44,1
DA:45,0
DA:50,1
DA:51,0
DA:56,1
DA:57,1
DA:59,1
DA:60,0
DA:64,1
DA:71,1
DA:76,1
DA:77,1
DA:80,1
DA:81,1
DA:82,1
DA:83,0
DA:85,1
DA:86,0
DA:89,0
DA:91,0
DA:92,0
DA:93,0
DA:99,0
DA:100,0
DA:101,0
DA:103,0
DA:104,0
DA:106,0
DA:107,0
DA:109,0
DA:110,0
DA:113,0
DA:118,1
DA:119,1
DA:122,1
DA:123,1
DA:124,1
DA:125,0
DA:129,0
DA:130,0
DA:135,1
DA:136,1
DA:137,1
DA:139,1
DA:140,0
DA:143,1
DA:144,1
LF:67
LH:43
BRDA:26,0,0,1
BRDA:59,1,0,0
BRDA:59,2,0,1
BRDA:59,2,1,1
BRDA:80,3,0,1
BRDA:82,4,0,0
BRDA:85,5,0,0
BRDA:89,6,0,0
BRDA:92,7,0,0
BRDA:92,8,0,0
BRDA:92,8,1,0
BRDA:100,9,0,0
BRDA:103,10,0,0
BRDA:106,11,0,0
BRDA:109,12,0,0
BRDA:122,13,0,1
BRDA:124,14,0,0
BRDA:139,15,0,0
BRDA:139,16,0,1
BRDA:139,16,1,1
BRF:20
BRH:7
end_of_record
TN:
SF:src/resource/pago/pago.service.ts
FN:15,(anonymous_4)
FN:24,(anonymous_5)
FN:34,(anonymous_6)
FN:46,(anonymous_7)
FN:52,(anonymous_8)
FN:63,(anonymous_9)
FN:70,(anonymous_10)
FN:86,(anonymous_11)
FN:103,(anonymous_12)
FN:117,(anonymous_13)
FN:125,(anonymous_14)
FN:145,(anonymous_15)
FN:153,(anonymous_16)
FN:173,(anonymous_17)
FN:182,(anonymous_18)
FN:202,(anonymous_19)
FN:219,(anonymous_20)
FN:238,(anonymous_21)
FN:250,(anonymous_22)
FNF:19
FNH:8
FNDA:10,(anonymous_4)
FNDA:1,(anonymous_5)
FNDA:2,(anonymous_6)
FNDA:2,(anonymous_7)
FNDA:2,(anonymous_8)
FNDA:1,(anonymous_9)
FNDA:2,(anonymous_10)
FNDA:6,(anonymous_11)
FNDA:0,(anonymous_12)
FNDA:0,(anonymous_13)
FNDA:0,(anonymous_14)
FNDA:0,(anonymous_15)
FNDA:0,(anonymous_16)
FNDA:0,(anonymous_17)
FNDA:0,(anonymous_18)
FNDA:0,(anonymous_19)
FNDA:0,(anonymous_20)
FNDA:0,(anonymous_21)
FNDA:0,(anonymous_22)
DA:1,4
DA:2,4
DA:3,4
DA:4,4
DA:5,4
DA:6,4
DA:9,4
DA:10,10
DA:11,10
DA:17,10
DA:19,10
DA:21,10
DA:25,1
DA:36,2
DA:41,2
DA:42,1
DA:46,2
DA:48,1
DA:53,2
DA:64,1
DA:65,1
DA:66,1
DA:72,2
DA:73,1
DA:74,0
DA:78,1
DA:81,1
DA:82,1
DA:87,6
DA:95,6
DA:96,2
DA:99,4
DA:104,0
DA:109,0
DA:110,0
DA:113,0
DA:118,0
DA:119,0
DA:120,0
DA:127,0
DA:128,0
DA:136,0
DA:137,0
DA:141,0
DA:146,0
DA:147,0
DA:148,0
DA:155,0
DA:156,0
DA:164,0
DA:165,0
DA:169,0
DA:174,0
DA:175,0
DA:176,0
DA:178,0
DA:184,0
DA:185,0
DA:193,0
DA:194,0
DA:198,0
DA:203,0
DA:208,0
DA:209,0
DA:212,0
DA:224,0
DA:230,0
DA:231,0
DA:234,0
DA:239,0
DA:246,0
DA:254,0
DA:260,0
DA:261,0
DA:264,0
DA:265,0
LF:76
LH:31
BRDA:41,0,0,1
BRDA:73,1,0,0
BRDA:95,2,0,2
BRDA:109,3,0,0
BRDA:119,4,0,0
BRDA:127,5,0,0
BRDA:136,6,0,0
BRDA:147,7,0,0
BRDA:155,8,0,0
BRDA:164,9,0,0
BRDA:175,10,0,0
BRDA:184,11,0,0
BRDA:193,12,0,0
BRDA:208,13,0,0
BRDA:230,14,0,0
BRDA:246,15,0,0
BRDA:246,15,1,0
BRDA:260,16,0,0
BRDA:265,17,0,0
BRDA:265,17,1,0
BRF:20
BRH:2
end_of_record
TN:
SF:src/resource/permisos/permisos.controller.ts
FN:12,(anonymous_4)
FN:17,(anonymous_5)
FN:22,(anonymous_6)
FNF:3
FNH:2
FNDA:1,(anonymous_4)
FNDA:1,(anonymous_5)
FNDA:0,(anonymous_6)
DA:1,1
DA:2,1
DA:4,1
DA:5,1
DA:11,1
DA:12,1
DA:13,1
DA:17,1
DA:18,1
DA:22,1
DA:23,0
LF:11
LH:10
BRF:0
BRH:0
end_of_record
TN:
SF:src/resource/permisos/permisos.service.ts
FN:13,(anonymous_4)
FN:20,(anonymous_5)
FN:29,(anonymous_6)
FN:37,(anonymous_7)
FN:44,(anonymous_8)
FN:59,(anonymous_9)
FNF:6
FNH:1
FNDA:1,(anonymous_4)
FNDA:0,(anonymous_5)
FNDA:0,(anonymous_6)
FNDA:0,(anonymous_7)
FNDA:0,(anonymous_8)
FNDA:0,(anonymous_9)
DA:1,4
DA:2,4
DA:3,4
DA:4,4
DA:5,4
DA:8,4
DA:9,1
DA:10,1
DA:15,1
DA:17,1
DA:21,0
DA:22,0
DA:23,0
DA:24,0
DA:26,0
DA:30,0
DA:31,0
DA:33,0
DA:38,0
DA:39,0
DA:40,0
DA:42,0
DA:46,0
DA:52,0
DA:59,0
DA:60,0
DA:61,0
DA:65,0
DA:72,0
LF:29
LH:10
BRDA:22,0,0,0
BRDA:39,1,0,0
BRDA:65,2,0,0
BRDA:65,2,1,0
BRF:4
BRH:0
end_of_record
TN:
SF:src/resource/producto-proveedor/producto-proveedor.controller.ts
FN:10,(anonymous_4)
FN:14,(anonymous_5)
FN:20,(anonymous_6)
FN:26,(anonymous_7)
FN:35,(anonymous_8)
FN:41,(anonymous_9)
FN:50,(anonymous_10)
FNF:7
FNH:7
FNDA:9,(anonymous_4)
FNDA:2,(anonymous_5)
FNDA:2,(anonymous_6)
FNDA:1,(anonymous_7)
FNDA:1,(anonymous_8)
FNDA:1,(anonymous_9)
FNDA:1,(anonymous_10)
DA:1,1
DA:2,1
DA:3,1
DA:4,1
DA:5,1
DA:9,1
DA:10,9
DA:14,1
DA:15,2
DA:20,1
DA:21,2
DA:26,1
DA:27,1
DA:35,1
DA:36,1
DA:41,1
DA:45,1
DA:50,1
DA:51,1
DA:52,1
LF:20
LH:20
BRF:0
BRH:0
end_of_record
TN:
SF:src/resource/producto-proveedor/producto-proveedor.service.ts
FN:22,(anonymous_4)
FN:34,(anonymous_5)
FN:45,(anonymous_6)
FN:56,(anonymous_7)
FN:104,(anonymous_8)
FN:147,(anonymous_9)
FNF:6
FNH:0
FNDA:0,(anonymous_4)
FNDA:0,(anonymous_5)
FNDA:0,(anonymous_6)
FNDA:0,(anonymous_7)
FNDA:0,(anonymous_8)
FNDA:0,(anonymous_9)
DA:1,2
DA:2,2
DA:3,2
DA:4,2
DA:5,2
DA:6,2
DA:9,2
DA:12,2
DA:13,0
DA:18,0
DA:24,0
DA:26,0
DA:28,0
DA:30,0
DA:35,0
DA:46,0
DA:58,0
DA:62,0
DA:63,0
DA:67,0
DA:71,0
DA:72,0
DA:75,0
DA:76,0
DA:80,0
DA:88,0
DA:89,0
DA:93,0
DA:94,0
DA:97,0
DA:105,0
DA:109,0
DA:110,0
DA:114,0
DA:115,0
DA:118,0
DA:119,0
DA:128,0
DA:129,0
DA:136,0
DA:137,0
DA:140,0
DA:148,0
DA:152,0
DA:153,0
DA:156,0
DA:157,0
LF:47
LH:8
BRDA:62,0,0,0
BRDA:71,1,0,0
BRDA:75,2,0,0
BRDA:75,3,0,0
BRDA:75,3,1,0
BRDA:88,4,0,0
BRDA:109,5,0,0
BRDA:114,6,0,0
BRDA:114,6,1,0
BRDA:115,7,0,0
BRDA:115,7,1,0
BRDA:118,8,0,0
BRDA:118,9,0,0
BRDA:118,9,1,0
BRDA:128,10,0,0
BRDA:128,11,0,0
BRDA:128,11,1,0
BRDA:152,12,0,0
BRF:18
BRH:0
end_of_record
TN:
SF:src/resource/productos/productos.controller.ts
FN:18,(anonymous_4)
FN:23,(anonymous_5)
FN:29,(anonymous_6)
FN:39,(anonymous_7)
FN:45,(anonymous_8)
FN:51,(anonymous_9)
FN:57,(anonymous_10)
FN:72,(anonymous_11)
FN:96,(anonymous_12)
FN:113,(anonymous_13)
FN:127,(anonymous_14)
FNF:11
FNH:0
FNDA:0,(anonymous_4)
FNDA:0,(anonymous_5)
FNDA:0,(anonymous_6)
FNDA:0,(anonymous_7)
FNDA:0,(anonymous_8)
FNDA:0,(anonymous_9)
FNDA:0,(anonymous_10)
FNDA:0,(anonymous_11)
FNDA:0,(anonymous_12)
FNDA:0,(anonymous_13)
FNDA:0,(anonymous_14)
DA:1,1
DA:2,1
DA:3,1
DA:4,1
DA:5,1
DA:6,1
DA:7,1
DA:8,1
DA:9,1
DA:12,1
DA:17,1
DA:18,0
DA:19,0
DA:23,1
DA:24,0
DA:27,0
DA:29,0
DA:31,0
DA:34,0
DA:39,1
DA:40,0
DA:45,1
DA:46,0
DA:51,1
DA:52,0
DA:57,1
DA:58,0
DA:63,0
DA:64,0
DA:67,0
DA:72,1
DA:73,0
DA:76,0
DA:77,0
DA:78,0
DA:79,0
DA:83,0
DA:86,0
DA:87,0
DA:91,0
DA:96,1
DA:97,0
DA:99,0
DA:100,0
DA:101,0
DA:102,0
DA:104,0
DA:107,0
DA:108,0
DA:113,1
DA:114,0
DA:115,0
DA:117,0
DA:118,0
DA:119,0
DA:121,0
DA:127,1
DA:128,0
DA:129,0
DA:131,0
DA:132,0
DA:138,0
DA:139,0
DA:146,0
LF:64
LH:20
BRDA:27,0,0,0
BRDA:63,1,0,0
BRDA:63,2,0,0
BRDA:63,2,1,0
BRDA:76,3,0,0
BRDA:78,4,0,0
BRDA:86,5,0,0
BRDA:86,6,0,0
BRDA:86,6,1,0
BRDA:99,7,0,0
BRDA:101,8,0,0
BRDA:121,9,0,0
BRDA:121,9,1,0
BRDA:138,10,0,0
BRDA:138,10,1,0
BRF:15
BRH:0
end_of_record
TN:
SF:src/resource/productos/productos.service.ts
FN:19,(anonymous_4)
FN:31,(anonymous_5)
FN:38,(anonymous_6)
FN:50,(anonymous_7)
FN:56,(anonymous_8)
FN:64,(anonymous_9)
FN:77,(anonymous_10)
FN:88,(anonymous_11)
FN:100,(anonymous_12)
FN:138,(anonymous_13)
FN:155,(anonymous_14)
FN:163,(anonymous_15)
FN:182,(anonymous_16)
FN:206,(anonymous_17)
FN:217,(anonymous_18)
FN:242,(anonymous_19)
FN:258,(anonymous_20)
FN:264,(anonymous_21)
FN:268,(anonymous_22)
FNF:19
FNH:10
FNDA:12,(anonymous_4)
FNDA:1,(anonymous_5)
FNDA:1,(anonymous_6)
FNDA:1,(anonymous_7)
FNDA:1,(anonymous_8)
FNDA:0,(anonymous_9)
FNDA:0,(anonymous_10)
FNDA:0,(anonymous_11)
FNDA:2,(anonymous_12)
FNDA:3,(anonymous_13)
FNDA:5,(anonymous_14)
FNDA:0,(anonymous_15)
FNDA:0,(anonymous_16)
FNDA:0,(anonymous_17)
FNDA:2,(anonymous_18)
FNDA:0,(anonymous_19)
FNDA:0,(anonymous_20)
FNDA:0,(anonymous_21)
FNDA:2,(anonymous_22)
DA:1,4
DA:4,4
DA:5,4
DA:6,4
DA:8,4
DA:9,4
DA:10,4
DA:11,4
DA:12,4
DA:15,4
DA:16,12
DA:17,12
DA:21,12
DA:23,12
DA:25,12
DA:27,12
DA:32,1
DA:40,1
DA:45,1
DA:46,0
DA:50,1
DA:52,1
DA:57,1
DA:65,0
DA:69,0
DA:70,0
DA:73,0
DA:78,0
DA:82,0
DA:83,0
DA:89,0
DA:94,0
DA:95,0
DA:101,2
DA:103,2
DA:108,2
DA:109,0
DA:112,2
DA:118,1
DA:120,1
DA:129,1
DA:130,1
DA:133,1
DA:139,3
DA:141,3
DA:142,1
DA:146,2
DA:147,1
DA:150,1
DA:151,1
DA:156,5
DA:164,0
DA:165,0
DA:166,0
DA:168,0
DA:173,0
DA:174,0
DA:178,0
DA:184,0
DA:185,0
DA:192,0
DA:193,0
DA:200,0
DA:205,0
DA:206,0
DA:207,0
DA:213,0
DA:219,2
DA:220,2
DA:227,2
DA:228,1
DA:233,1
DA:234,1
DA:241,1
DA:242,0
DA:243,0
DA:248,1
DA:251,1
DA:259,0
DA:260,0
DA:265,0
DA:269,2
DA:270,2
DA:271,2
DA:274,2
DA:278,2
DA:279,1
DA:281,1
LF:88
LH:55
BRDA:45,0,0,0
BRDA:69,1,0,0
BRDA:82,2,0,0
BRDA:94,3,0,0
BRDA:94,4,0,0
BRDA:94,4,1,0
BRDA:108,5,0,0
BRDA:114,6,0,2
BRDA:114,6,1,2
BRDA:115,7,0,2
BRDA:115,7,1,0
BRDA:116,8,0,2
BRDA:116,8,1,0
BRDA:124,9,0,1
BRDA:124,9,1,0
BRDA:125,10,0,1
BRDA:125,10,1,0
BRDA:141,11,0,1
BRDA:146,12,0,1
BRDA:146,13,0,2
BRDA:146,13,1,1
BRDA:165,14,0,0
BRDA:173,15,0,0
BRDA:184,16,0,0
BRDA:192,17,0,0
BRDA:205,18,0,0
BRDA:219,19,0,2
BRDA:227,20,0,1
BRDA:233,21,0,1
BRDA:241,22,0,0
BRDA:270,23,0,2
BRDA:278,24,0,1
BRF:32
BRH:15
end_of_record
TN:
SF:src/resource/roles/roles.controller.ts
FN:15,(anonymous_4)
FN:20,(anonymous_5)
FN:33,(anonymous_6)
FN:39,(anonymous_7)
FN:45,(anonymous_8)
FN:58,(anonymous_9)
FN:76,(anonymous_10)
FN:98,(anonymous_11)
FN:116,(anonymous_12)
FNF:9
FNH:1
FNDA:1,(anonymous_4)
FNDA:0,(anonymous_5)
FNDA:0,(anonymous_6)
FNDA:0,(anonymous_7)
FNDA:0,(anonymous_8)
FNDA:0,(anonymous_9)
FNDA:0,(anonymous_10)
FNDA:0,(anonymous_11)
FNDA:0,(anonymous_12)
DA:1,1
DA:2,1
DA:4,1
DA:5,1
DA:6,1
DA:8,1
DA:9,1
DA:14,1
DA:15,1
DA:16,1
DA:20,1
DA:21,0
DA:23,0
DA:24,0
DA:28,0
DA:33,1
DA:34,0
DA:39,1
DA:40,0
DA:45,1
DA:46,0
DA:49,0
DA:50,0
DA:53,0
DA:58,1
DA:59,0
DA:62,0
DA:63,0
DA:64,0
DA:65,0
DA:68,0
DA:71,0
DA:76,1
DA:77,0
DA:80,0
DA:81,0
DA:85,0
DA:86,0
DA:87,0
DA:88,0
DA:92,0
DA:93,0
DA:98,1
DA:99,0
DA:100,0
DA:102,0
DA:103,0
DA:108,0
DA:110,0
DA:116,1
DA:117,0
DA:118,0
DA:120,0
DA:121,0
DA:128,0
DA:129,0
DA:134,0
LF:57
LH:18
BRDA:23,0,0,0
BRDA:49,1,0,0
BRDA:62,2,0,0
BRDA:64,3,0,0
BRDA:80,4,0,0
BRDA:85,5,0,0
BRDA:87,6,0,0
BRDA:128,7,0,0
BRDA:128,7,1,0
BRF:9
BRH:0
end_of_record
TN:
SF:src/resource/roles/roles.service.ts
FN:14,(anonymous_4)
FN:24,(anonymous_5)
FN:32,(anonymous_6)
FN:39,(anonymous_7)
FN:63,(anonymous_8)
FN:86,(anonymous_9)
FN:94,(anonymous_10)
FN:99,(anonymous_11)
FN:120,(anonymous_12)
FN:148,(anonymous_13)
FN:154,(anonymous_14)
FN:158,(anonymous_15)
FN:165,(anonymous_16)
FN:178,(anonymous_17)
FNF:14
FNH:11
FNDA:16,(anonymous_4)
FNDA:1,(anonymous_5)
FNDA:1,(anonymous_6)
FNDA:2,(anonymous_7)
FNDA:2,(anonymous_8)
FNDA:6,(anonymous_9)
FNDA:1,(anonymous_10)
FNDA:3,(anonymous_11)
FNDA:3,(anonymous_12)
FNDA:1,(anonymous_13)
FNDA:1,(anonymous_14)
FNDA:0,(anonymous_15)
FNDA:0,(anonymous_16)
FNDA:0,(anonymous_17)
DA:1,4
DA:2,4
DA:3,4
DA:4,4
DA:5,4
DA:6,4
DA:9,4
DA:10,16
DA:11,16
DA:16,16
DA:18,16
DA:20,16
DA:25,1
DA:33,1
DA:40,2
DA:43,2
DA:44,2
DA:47,2
DA:48,1
DA:52,1
DA:55,1
DA:56,1
DA:59,2
DA:64,2
DA:67,2
DA:70,2
DA:71,2
DA:73,2
DA:74,1
DA:77,1
DA:78,1
DA:79,1
DA:82,1
DA:87,6
DA:95,1
DA:101,3
DA:102,2
DA:106,2
DA:107,1
DA:112,2
DA:113,1
DA:116,1
DA:122,3
DA:123,2
DA:127,2
DA:128,1
DA:133,2
DA:134,1
DA:138,1
DA:141,1
DA:149,1
DA:150,1
DA:155,1
DA:159,0
DA:163,0
DA:165,0
DA:166,0
DA:167,0
DA:174,0
DA:179,0
DA:185,0
DA:186,0
LF:62
LH:53
BRDA:47,0,0,1
BRDA:47,1,0,2
BRDA:47,1,1,1
BRDA:70,2,0,2
BRDA:70,3,0,2
BRDA:70,3,1,2
BRDA:73,4,0,1
BRDA:101,5,0,2
BRDA:106,6,0,1
BRDA:112,7,0,1
BRDA:112,8,0,2
BRDA:112,8,1,1
BRDA:122,9,0,2
BRDA:127,10,0,1
BRDA:133,11,0,1
BRDA:133,12,0,2
BRDA:133,12,1,1
BRDA:163,13,0,0
BRDA:163,13,1,0
BRDA:166,14,0,0
BRF:20
BRH:17
end_of_record
TN:
SF:src/resource/sucursales/sucursales.controller.ts
FN:17,(anonymous_4)
FN:26,(anonymous_5)
FN:32,(anonymous_6)
FN:38,(anonymous_7)
FN:44,(anonymous_8)
FN:50,(anonymous_9)
FN:56,(anonymous_10)
FN:62,(anonymous_11)
FN:68,(anonymous_12)
FN:74,(anonymous_13)
FN:80,(anonymous_14)
FNF:11
FNH:1
FNDA:1,(anonymous_4)
FNDA:0,(anonymous_5)
FNDA:0,(anonymous_6)
FNDA:0,(anonymous_7)
FNDA:0,(anonymous_8)
FNDA:0,(anonymous_9)
FNDA:0,(anonymous_10)
FNDA:0,(anonymous_11)
FNDA:0,(anonymous_12)
FNDA:0,(anonymous_13)
FNDA:0,(anonymous_14)
DA:1,1
DA:2,1
DA:4,1
DA:5,1
DA:6,1
DA:7,1
DA:8,1
DA:9,1
DA:10,1
DA:11,1
DA:16,1
DA:18,1
DA:19,1
DA:21,1
DA:26,1
DA:27,0
DA:32,1
DA:33,0
DA:38,1
DA:39,0
DA:44,1
DA:45,0
DA:50,1
DA:51,0
DA:56,1
DA:57,0
DA:62,1
DA:63,0
DA:68,1
DA:69,0
DA:74,1
DA:75,0
DA:80,1
DA:81,0
LF:34
LH:24
BRF:0
BRH:0
end_of_record
TN:
SF:src/resource/sucursales/sucursales.service.ts
FN:16,(anonymous_4)
FN:23,(anonymous_5)
FN:31,(anonymous_6)
FN:43,(anonymous_7)
FN:48,(anonymous_8)
FN:51,(anonymous_9)
FNF:6
FNH:1
FNDA:1,(anonymous_4)
FNDA:0,(anonymous_5)
FNDA:0,(anonymous_6)
FNDA:0,(anonymous_7)
FNDA:0,(anonymous_8)
FNDA:0,(anonymous_9)
DA:1,2
DA:2,2
DA:3,2
DA:4,2
DA:5,2
DA:9,2
DA:10,1
DA:13,1
DA:18,1
DA:20,1
DA:24,0
DA:32,0
DA:33,0
DA:34,0
DA:36,0
DA:37,0
DA:39,0
DA:40,0
DA:44,0
DA:45,0
DA:50,0
DA:51,0
DA:53,0
DA:54,0
DA:57,0
DA:58,0
LF:26
LH:10
BRDA:33,0,0,0
BRDA:36,1,0,0
BRDA:53,2,0,0
BRF:3
BRH:0
end_of_record
TN:
SF:src/resource/ubicaciones/ubicaciones.controller.ts
FN:10,(anonymous_4)
FN:14,(anonymous_5)
FN:18,(anonymous_6)
FNF:3
FNH:3
FNDA:2,(anonymous_4)
FNDA:1,(anonymous_5)
FNDA:1,(anonymous_6)
DA:1,1
DA:2,1
DA:3,1
DA:4,1
DA:5,1
DA:9,1
DA:10,2
DA:14,1
DA:18,1
LF:9
LH:9
BRF:0
BRH:0
end_of_record
TN:
SF:src/resource/ubicaciones/ubicaciones.service.ts
FN:9,(anonymous_4)
FN:16,(anonymous_5)
FN:17,(anonymous_6)
FNF:3
FNH:3
FNDA:2,(anonymous_4)
FNDA:1,(anonymous_5)
FNDA:1,(anonymous_6)
DA:1,2
DA:2,2
DA:3,2
DA:4,2
DA:5,2
DA:8,2
DA:11,2
DA:13,2
DA:16,1
DA:17,1
LF:10
LH:10
BRF:0
BRH:0
end_of_record
TN:
SF:src/resource/unidades-medida/unidades-medida.controller.ts
FN:27,(anonymous_4)
FN:32,(anonymous_5)
FN:46,(anonymous_6)
FN:52,(anonymous_7)
FN:58,(anonymous_8)
FN:70,(anonymous_9)
FN:95,(anonymous_10)
FN:113,(anonymous_11)
FN:132,(anonymous_12)
FNF:9
FNH:9
FNDA:18,(anonymous_4)
FNDA:2,(anonymous_5)
FNDA:1,(anonymous_6)
FNDA:1,(anonymous_7)
FNDA:2,(anonymous_8)
FNDA:4,(anonymous_9)
FNDA:2,(anonymous_10)
FNDA:2,(anonymous_11)
FNDA:3,(anonymous_12)
DA:1,1
DA:13,1
DA:14,1
DA:15,1
DA:16,1
DA:19,1
DA:20,1
DA:21,1
DA:26,1
DA:27,18
DA:28,18
DA:32,1
DA:33,2
DA:36,2
DA:37,1
DA:41,1
DA:46,1
DA:47,1
DA:52,1
DA:53,1
DA:58,1
DA:59,2
DA:61,2
DA:62,1
DA:65,2
DA:70,1
DA:71,4
DA:74,4
DA:75,4
DA:78,4
DA:79,1
DA:81,3
DA:82,1
DA:85,2
DA:86,1
DA:90,1
DA:95,1
DA:96,2
DA:98,2
DA:99,2
DA:102,2
DA:103,1
DA:107,1
DA:108,1
DA:113,1
DA:116,2
DA:117,2
DA:119,2
DA:120,2
DA:124,1
DA:126,1
DA:132,1
DA:133,3
DA:134,3
DA:136,3
DA:137,3
DA:143,2
DA:144,2
DA:151,1
LF:59
LH:59
BRDA:36,0,0,1
BRDA:61,1,0,1
BRDA:61,2,0,2
BRDA:61,2,1,2
BRDA:74,3,0,4
BRDA:78,4,0,1
BRDA:81,5,0,1
BRDA:85,6,0,1
BRDA:85,7,0,2
BRDA:85,7,1,1
BRDA:98,8,0,2
BRDA:102,9,0,1
BRDA:143,10,0,1
BRDA:143,10,1,1
BRF:14
BRH:14
end_of_record
TN:
SF:src/resource/unidades-medida/unidades-medida.service.ts
FN:14,(anonymous_4)
FN:23,(anonymous_5)
FN:31,(anonymous_6)
FN:38,(anonymous_7)
FN:52,(anonymous_8)
FN:63,(anonymous_9)
FN:80,(anonymous_10)
FN:87,(anonymous_11)
FN:99,(anonymous_12)
FN:121,(anonymous_13)
FN:132,(anonymous_14)
FN:149,(anonymous_15)
FN:165,(anonymous_16)
FN:171,(anonymous_17)
FNF:14
FNH:14
FNDA:24,(anonymous_4)
FNDA:2,(anonymous_5)
FNDA:2,(anonymous_6)
FNDA:3,(anonymous_7)
FNDA:5,(anonymous_8)
FNDA:3,(anonymous_9)
FNDA:8,(anonymous_10)
FNDA:2,(anonymous_11)
FNDA:3,(anonymous_12)
FNDA:1,(anonymous_13)
FNDA:3,(anonymous_14)
FNDA:1,(anonymous_15)
FNDA:1,(anonymous_16)
FNDA:1,(anonymous_17)
DA:1,2
DA:2,2
DA:3,2
DA:4,2
DA:6,2
DA:7,2
DA:10,2
DA:11,24
DA:12,24
DA:16,24
DA:18,24
DA:20,24
DA:24,2
DA:32,2
DA:39,3
DA:40,3
DA:44,3
DA:47,1
DA:48,1
DA:53,5
DA:55,5
DA:56,1
DA:58,4
DA:62,4
DA:63,3
DA:64,3
DA:67,1
DA:68,0
DA:71,1
DA:72,0
DA:75,1
DA:76,1
DA:81,8
DA:88,2
DA:91,2
DA:92,1
DA:95,1
DA:101,3
DA:102,3
DA:106,3
DA:107,1
DA:114,2
DA:119,2
DA:121,1
DA:122,1
DA:128,1
DA:134,3
DA:135,3
DA:139,3
DA:140,1
DA:144,2
DA:145,1
DA:148,1
DA:149,1
DA:150,1
DA:155,1
DA:158,1
DA:166,1
DA:167,1
DA:172,1
LF:60
LH:58
BRDA:42,0,0,3
BRDA:42,0,1,2
BRDA:55,1,0,1
BRDA:62,2,0,3
BRDA:67,3,0,0
BRDA:67,4,0,1
BRDA:67,4,1,0
BRDA:71,5,0,0
BRDA:71,6,0,1
BRDA:71,6,1,0
BRDA:91,7,0,1
BRDA:101,8,0,3
BRDA:106,9,0,1
BRDA:119,10,0,1
BRDA:134,11,0,3
BRDA:139,12,0,1
BRDA:144,13,0,1
BRDA:148,14,0,1
BRF:18
BRH:14
end_of_record
TN:
SF:src/resource/users/users.controller.ts
FN:19,(anonymous_4)
FN:25,(anonymous_5)
FN:32,(anonymous_6)
FN:39,(anonymous_7)
FN:46,(anonymous_8)
FN:53,(anonymous_9)
FN:62,(anonymous_10)
FN:70,(anonymous_11)
FN:80,(anonymous_12)
FN:91,(anonymous_13)
FN:103,(anonymous_14)
FN:110,(anonymous_15)
FN:123,(anonymous_16)
FNF:13
FNH:12
FNDA:12,(anonymous_4)
FNDA:1,(anonymous_5)
FNDA:1,(anonymous_6)
FNDA:1,(anonymous_7)
FNDA:1,(anonymous_8)
FNDA:1,(anonymous_9)
FNDA:1,(anonymous_10)
FNDA:1,(anonymous_11)
FNDA:1,(anonymous_12)
FNDA:1,(anonymous_13)
FNDA:0,(anonymous_14)
FNDA:1,(anonymous_15)
FNDA:1,(anonymous_16)
DA:1,1
DA:2,1
DA:3,1
DA:4,1
DA:5,1
DA:6,1
DA:8,1
DA:11,1
DA:13,1
DA:14,1
DA:15,1
DA:18,1
DA:19,12
DA:20,12
DA:25,1
DA:26,1
DA:27,1
DA:32,1
DA:33,1
DA:39,1
DA:40,1
DA:46,1
DA:47,1
DA:53,1
DA:57,1
DA:62,1
DA:63,1
DA:70,1
DA:74,1
DA:80,1
DA:85,1
DA:91,1
DA:96,1
DA:103,1
DA:104,0
DA:110,1
DA:111,1
DA:123,1
DA:127,1
LF:39
LH:38
BRF:0
BRH:0
end_of_record
TN:
SF:src/resource/users/users.service.ts
FN:22,(anonymous_4)
FN:51,(anonymous_5)
FN:54,(anonymous_6)
FN:56,(anonymous_7)
FN:57,(anonymous_8)
FN:64,(anonymous_9)
FN:86,(anonymous_10)
FN:94,(anonymous_11)
FN:104,(anonymous_12)
FN:155,(anonymous_13)
FN:222,(anonymous_14)
FN:284,(anonymous_15)
FN:300,(anonymous_16)
FN:312,(anonymous_17)
FN:316,(anonymous_18)
FN:335,(anonymous_19)
FN:360,(anonymous_20)
FN:367,(anonymous_21)
FN:375,(anonymous_22)
FN:383,(anonymous_23)
FN:384,(anonymous_24)
FN:411,(anonymous_25)
FN:433,(anonymous_26)
FN:441,(anonymous_27)
FNF:24
FNH:23
FNDA:44,(anonymous_4)
FNDA:1,(anonymous_5)
FNDA:3,(anonymous_6)
FNDA:6,(anonymous_7)
FNDA:3,(anonymous_8)
FNDA:2,(anonymous_9)
FNDA:0,(anonymous_10)
FNDA:1,(anonymous_11)
FNDA:3,(anonymous_12)
FNDA:5,(anonymous_13)
FNDA:4,(anonymous_14)
FNDA:3,(anonymous_15)
FNDA:7,(anonymous_16)
FNDA:1,(anonymous_17)
FNDA:4,(anonymous_18)
FNDA:3,(anonymous_19)
FNDA:1,(anonymous_20)
FNDA:6,(anonymous_21)
FNDA:10,(anonymous_22)
FNDA:2,(anonymous_23)
FNDA:3,(anonymous_24)
FNDA:3,(anonymous_25)
FNDA:4,(anonymous_26)
FNDA:3,(anonymous_27)
DA:1,19
DA:5,19
DA:6,19
DA:7,19
DA:8,19
DA:9,19
DA:10,19
DA:11,19
DA:12,19
DA:14,19
DA:15,19
DA:16,19
DA:17,19
DA:20,19
DA:23,44
DA:24,44
DA:25,44
DA:28,44
DA:31,44
DA:34,44
DA:37,44
DA:40,44
DA:42,44
DA:44,44
DA:47,44
DA:52,1
DA:55,3
DA:56,6
DA:57,3
DA:58,3
DA:59,1
DA:61,2
DA:67,2
DA:72,2
DA:73,0
DA:76,2
DA:86,0
DA:94,1
DA:101,2
DA:105,3
DA:106,3
DA:107,3
DA:109,3
DA:115,3
DA:118,2
DA:119,2
DA:120,2
DA:122,2
DA:123,2
DA:124,2
DA:125,2
DA:126,2
DA:127,2
DA:129,2
DA:130,2
DA:131,2
DA:132,2
DA:133,2
DA:135,2
DA:136,2
DA:139,1
DA:141,2
DA:147,1
DA:148,1
DA:151,0
DA:156,5
DA:157,5
DA:159,5
DA:160,5
DA:163,5
DA:164,5
DA:168,5
DA:169,3
DA:170,3
DA:171,1
DA:173,2
DA:177,4
DA:178,2
DA:179,2
DA:180,1
DA:182,1
DA:186,3
DA:187,0
DA:190,0
DA:191,0
DA:193,0
DA:197,3
DA:198,3
DA:201,3
DA:204,1
DA:209,1
DA:211,4
DA:212,4
DA:213,1
DA:215,3
DA:216,2
DA:218,1
DA:223,4
DA:228,4
DA:229,1
DA:232,3
DA:235,3
DA:236,3
DA:237,2
DA:238,2
DA:239,1
DA:242,1
DA:247,3
DA:248,3
DA:249,2
DA:250,2
DA:251,1
DA:254,1
DA:259,3
DA:260,0
DA:261,0
DA:264,0
DA:265,0
DA:267,0
DA:269,0
DA:274,3
DA:277,3
DA:278,1
DA:281,3
DA:285,3
DA:287,3
DA:288,1
DA:290,2
DA:291,2
DA:292,1
DA:294,1
DA:301,7
DA:313,1
DA:317,4
DA:318,4
DA:319,1
DA:322,3
DA:323,3
DA:324,1
DA:327,2
DA:328,1
DA:330,1
DA:331,1
DA:333,1
DA:336,3
DA:337,3
DA:338,3
DA:339,1
DA:341,2
DA:342,2
DA:344,1
DA:345,1
DA:354,2
DA:355,1
DA:357,1
DA:361,1
DA:370,6
DA:371,1
DA:375,10
DA:378,5
DA:382,5
DA:383,2
DA:384,3
DA:385,1
DA:389,4
DA:390,4
DA:391,1
DA:394,3
DA:396,3
DA:397,5
DA:398,5
DA:401,2
DA:407,1
DA:412,3
DA:415,3
DA:416,1
DA:420,2
DA:421,2
DA:422,1
DA:426,1
DA:428,1
DA:434,4
DA:438,4
DA:439,1
DA:441,3
LF:185
LH:172
BRDA:58,0,0,1
BRDA:72,1,0,0
BRDA:79,2,0,1
BRDA:79,2,1,1
BRDA:86,3,0,2
BRDA:86,3,1,0
BRDA:91,4,0,1
BRDA:91,4,1,1
BRDA:94,5,0,1
BRDA:94,5,1,0
BRDA:147,6,0,1
BRDA:163,7,0,5
BRDA:168,8,0,3
BRDA:170,9,0,1
BRDA:177,10,0,2
BRDA:179,11,0,1
BRDA:186,12,0,0
BRDA:186,13,0,3
BRDA:186,13,1,0
BRDA:190,14,0,0
BRDA:197,15,0,3
BRDA:212,16,0,1
BRDA:215,17,0,2
BRDA:215,18,0,3
BRDA:215,18,1,1
BRDA:228,19,0,1
BRDA:235,20,0,3
BRDA:236,21,0,2
BRDA:236,21,1,1
BRDA:238,22,0,1
BRDA:247,23,0,3
BRDA:248,24,0,2
BRDA:248,24,1,1
BRDA:250,25,0,1
BRDA:259,26,0,0
BRDA:260,27,0,0
BRDA:260,27,1,0
BRDA:260,28,0,0
BRDA:260,28,1,0
BRDA:264,29,0,0
BRDA:277,30,0,1
BRDA:287,31,0,1
BRDA:291,32,0,1
BRDA:318,33,0,1
BRDA:323,34,0,1
BRDA:327,35,0,1
BRDA:338,36,0,1
BRDA:354,37,0,1
BRDA:370,38,0,1
BRDA:370,39,0,6
BRDA:370,39,1,6
BRDA:370,39,2,6
BRDA:375,40,0,2
BRDA:375,40,1,8
BRDA:382,41,0,1
BRDA:390,42,0,1
BRDA:390,43,0,4
BRDA:390,43,1,2
BRDA:402,44,0,1
BRDA:402,44,1,1
BRDA:415,45,0,1
BRDA:421,46,0,1
BRDA:438,47,0,1
BRDA:441,48,0,2
BRDA:441,48,1,1
BRF:65
BRH:53
end_of_record
TN:
SF:src/resource/ventas/ventas.controller.ts
FN:17,(anonymous_4)
FN:23,(anonymous_5)
FN:28,(anonymous_6)
FN:38,(anonymous_7)
FN:44,(anonymous_8)
FN:50,(anonymous_9)
FN:56,(anonymous_10)
FN:69,(anonymous_11)
FN:100,(anonymous_12)
FNF:9
FNH:0
FNDA:0,(anonymous_4)
FNDA:0,(anonymous_5)
FNDA:0,(anonymous_6)
FNDA:0,(anonymous_7)
FNDA:0,(anonymous_8)
FNDA:0,(anonymous_9)
FNDA:0,(anonymous_10)
FNDA:0,(anonymous_11)
FNDA:0,(anonymous_12)
DA:1,0
DA:2,0
DA:4,0
DA:5,0
DA:6,0
DA:7,0
DA:9,0
DA:10,0
DA:16,0
DA:17,0
DA:18,0
DA:23,0
DA:24,0
DA:26,0
DA:28,0
DA:30,0
DA:33,0
DA:38,0
DA:39,0
DA:44,0
DA:45,0
DA:50,0
DA:51,0
DA:56,0
DA:57,0
DA:59,0
DA:60,0
DA:63,0
DA:69,0
DA:70,0
DA:72,0
DA:74,0
DA:75,0
DA:77,0
DA:78,0
DA:81,0
DA:82,0
DA:85,0
DA:86,0
DA:90,0
DA:91,0
DA:93,0
DA:94,0
DA:100,0
DA:101,0
DA:102,0
DA:104,0
DA:105,0
DA:109,0
DA:111,0
LF:50
LH:0
BRDA:26,0,0,0
BRDA:59,1,0,0
BRDA:74,2,0,0
BRDA:77,3,0,0
BRDA:81,4,0,0
BRDA:85,5,0,0
BRF:6
BRH:0
end_of_record
TN:
SF:src/resource/ventas/ventas.service.ts
FN:19,(anonymous_4)
FN:32,(anonymous_5)
FN:39,(anonymous_6)
FN:51,(anonymous_7)
FN:57,(anonymous_8)
FN:66,(anonymous_9)
FN:146,(anonymous_10)
FN:154,(anonymous_11)
FN:239,(anonymous_12)
FN:253,(anonymous_13)
FN:293,(anonymous_14)
FN:294,(anonymous_15)
FN:323,(anonymous_16)
FN:329,(anonymous_17)
FNF:14
FNH:6
FNDA:6,(anonymous_4)
FNDA:1,(anonymous_5)
FNDA:2,(anonymous_6)
FNDA:2,(anonymous_7)
FNDA:2,(anonymous_8)
FNDA:0,(anonymous_9)
FNDA:1,(anonymous_10)
FNDA:0,(anonymous_11)
FNDA:0,(anonymous_12)
FNDA:0,(anonymous_13)
FNDA:0,(anonymous_14)
FNDA:0,(anonymous_15)
FNDA:0,(anonymous_16)
FNDA:0,(anonymous_17)
DA:1,1
DA:2,1
DA:3,1
DA:4,1
DA:5,1
DA:6,1
DA:9,1
DA:10,1
DA:11,1
DA:12,1
DA:15,1
DA:16,6
DA:17,6
DA:21,6
DA:23,6
DA:24,6
DA:25,6
DA:26,6
DA:28,6
DA:33,1
DA:41,2
DA:46,2
DA:47,1
DA:51,2
DA:53,1
DA:58,2
DA:67,0
DA:69,0
DA:73,0
DA:74,0
DA:78,0
DA:81,0
DA:86,0
DA:94,0
DA:104,0
DA:109,0
DA:111,0
DA:117,0
DA:122,0
DA:132,0
DA:137,0
DA:139,0
DA:140,0
DA:142,0
DA:147,1
DA:155,0
DA:157,0
DA:162,0
DA:163,0
DA:168,0
DA:169,0
DA:170,0
DA:182,0
DA:183,0
DA:185,0
DA:193,0
DA:194,0
DA:199,0
DA:200,0
DA:201,0
DA:203,0
DA:212,0
DA:215,0
DA:216,0
DA:222,0
DA:230,0
DA:231,0
DA:232,0
DA:234,0
DA:241,0
DA:247,0
DA:248,0
DA:252,0
DA:253,0
DA:254,0
DA:255,0
DA:260,0
DA:261,0
DA:266,0
DA:267,0
DA:268,0
DA:269,0
DA:282,0
DA:289,0
DA:292,0
DA:293,0
DA:294,0
DA:297,0
DA:298,0
DA:307,0
DA:308,0
DA:312,0
DA:319,0
DA:324,0
DA:325,0
DA:330,0
LF:96
LH:27
BRDA:46,0,0,1
BRDA:73,1,0,0
BRDA:99,2,0,0
BRDA:99,2,1,0
BRDA:139,3,0,0
BRDA:139,4,0,0
BRDA:139,4,1,0
BRDA:162,5,0,0
BRDA:168,6,0,0
BRDA:168,7,0,0
BRDA:168,7,1,0
BRDA:182,8,0,0
BRDA:182,9,0,0
BRDA:182,9,1,0
BRDA:200,10,0,0
BRDA:231,11,0,0
BRDA:247,12,0,0
BRDA:252,13,0,0
BRDA:254,14,0,0
BRDA:260,15,0,0
BRDA:267,16,0,0
BRDA:267,17,0,0
BRDA:267,17,1,0
BRDA:297,18,0,0
BRF:24
BRH:1
end_of_record
